2026-01-22 12:56:20 INFO            _                _                      
2026-01-22 12:56:20 INFO           / \   ___ ___ ___| | ___ _ __ __ _ _   _ 
2026-01-22 12:56:20 INFO          / _ \ / __/ __/ _ \ |/ _ \ '__/ _` | | | |
2026-01-22 12:56:20 INFO         / ___ \ (_| (_|  __/ |  __/ | | (_| | |_| |
2026-01-22 12:56:20 INFO        /_/   \_\___\___\___|_|\___|_|  \__, |\__, |
2026-01-22 12:56:20 INFO                                        |___/ |___/ 
2026-01-22 12:56:20 INFO        generating outputs according to the following specified output flags... 
2026-01-22 12:56:20 INFO         Please use the -f flag to update the preference (default to all output files)
2026-01-22 12:56:20 INFO        {'ERT': 1, 'ERT_summary': 1, 'ART': 1, 'ART_summary': 1, 'energy_estimation': 1, 'flattened_arch': 1}
2026-01-22 12:56:20 INFO        Located config file at /home/yangzifeng/.config/accelergy/accelergy_config.yaml.
2026-01-22 12:56:20 INFO        config file located:
2026-01-22 12:56:20 INFO        /home/yangzifeng/.config/accelergy/accelergy_config.yaml
2026-01-22 12:56:20 INFO        Parsing file /home/yangzifeng/3D_PIM_CoDesign/output/iter_2/012_layer3_0_downsample_0/timeloop-input.yaml for architecture info
2026-01-22 12:56:20 INFO        Parsing file /home/yangzifeng/3D_PIM_CoDesign/output/iter_2/012_layer3_0_downsample_0/timeloop-input.yaml for compound_components info
2026-01-22 12:56:20 INFO        Adding required action "leak" to class DRAM
2026-01-22 12:56:20 INFO        Adding required action "write" to class DRAM
2026-01-22 12:56:20 INFO        Adding required action "read" to class DRAM
2026-01-22 12:56:20 INFO        Adding required action "update" to class DRAM
2026-01-22 12:56:20 INFO        Calculated Architecture class smartbuffer_SRAM attributes"memory_width" as "max(32, width)" = 64.
2026-01-22 12:56:20 INFO        Calculated Architecture class smartbuffer_SRAM attributes"memory_depth" as "max(64, depth)" = 4096.
2026-01-22 12:56:20 INFO        Calculated Architecture class smartbuffer_SRAM attributes"widthscale" as "width / memory_width" = 1.0.
2026-01-22 12:56:20 INFO        Calculated Architecture class smartbuffer_SRAM attributes"depthscale" as "depth / memory_depth" = 1.0.
2026-01-22 12:56:20 INFO        Calculated Architecture class smartbuffer_SRAM attributes"real_depth" as "depth" = 4096.
2026-01-22 12:56:20 INFO        Calculated Architecture class smartbuffer_SRAM attributes"area_scale" as "widthscale * depthscale" = 1.0.
2026-01-22 12:56:20 INFO        Calculated Architecture class smartbuffer_SRAM attributes"dynamic_energy_scale" as "widthscale * (depthscale ** (1.56 / 2))" = 1.0.
2026-01-22 12:56:20 INFO        Calculated Architecture class smartbuffer_SRAM attributes"static_energy_scale" as "area_scale" = 1.0.
2026-01-22 12:56:20 INFO        Calculated Architecture class smartbuffer_RF attributes"memory_width" as "max(32, width)" = 32.
2026-01-22 12:56:20 INFO        Calculated Architecture class smartbuffer_RF attributes"memory_depth" as "max(64, depth)" = 512.
2026-01-22 12:56:20 INFO        Calculated Architecture class smartbuffer_RF attributes"widthscale" as "width / memory_width" = 0.5.
2026-01-22 12:56:20 INFO        Calculated Architecture class smartbuffer_RF attributes"depthscale" as "depth / memory_depth" = 1.0.
2026-01-22 12:56:20 INFO        Calculated Architecture class smartbuffer_RF attributes"real_depth" as "depth" = 512.
2026-01-22 12:56:20 INFO        Calculated Architecture class smartbuffer_RF attributes"area_scale" as "widthscale * depthscale" = 0.5.
2026-01-22 12:56:20 INFO        Calculated Architecture class smartbuffer_RF attributes"dynamic_energy_scale" as "widthscale * (depthscale ** (1.56 / 2))" = 0.5.
2026-01-22 12:56:20 INFO        Calculated Architecture class smartbuffer_RF attributes"static_energy_scale" as "area_scale" = 0.5.
2026-01-22 12:56:20 WARNING     Area scale in attributes is deprecated. Use it on the same level as the attributes, not a subkey.
2026-01-22 12:56:20 WARNING     Area scale in attributes is deprecated. Use it on the same level as the attributes, not a subkey.
2026-01-22 12:56:20 INFO        Estimator plug-in identified by: /home/yangzifeng/.local/share/accelergy/estimation_plug_ins/accelergy-cacti-plug-in/cacti.estimator.yaml
2026-01-22 12:56:20 INFO        Estimator plug-in identified by: /home/yangzifeng/.local/share/accelergy/estimation_plug_ins/dummy_tables/dummy.estimator.yaml
2026-01-22 12:56:20 INFO        Estimator plug-in identified by: /home/yangzifeng/.local/share/accelergy/estimation_plug_ins/accelergy-adc-plug-in/adc.estimator.yaml
2026-01-22 12:56:20 INFO        Estimator plug-in identified by: /home/yangzifeng/.local/share/accelergy/estimation_plug_ins/accelergy-neurosim-plugin/neurosim.estimator.yaml
2026-01-22 12:56:20 INFO        Estimator plug-in identified by: /home/yangzifeng/.local/share/accelergy/estimation_plug_ins/accelergy-library-plugin/library.estimator.yaml
2026-01-22 12:56:20 INFO        Estimator plug-in identified by: /home/yangzifeng/.local/share/accelergy/estimation_plug_ins/accelergy-table-based-plug-ins/table.estimator.yaml
2026-01-22 12:56:20 INFO        Estimator plug-in identified by: /home/yangzifeng/.local/share/accelergy/estimation_plug_ins/accelergy-aladdin-plug-in/aladdin.estimator.yaml
2026-01-22 12:56:20 INFO        Loading Python plug-in: /home/yangzifeng/.local/share/accelergy/estimation_plug_ins/accelergy-cacti-plug-in/cacti_wrapper.py. Errors below are likely due to plug-in, not Accelergy.
2026-01-22 12:56:20 INFO        Getting all estimators in module <module 'python_plug_in0' from '/home/yangzifeng/.local/share/accelergy/estimation_plug_ins/accelergy-cacti-plug-in/cacti_wrapper.py'>
2026-01-22 12:56:20 INFO        Added estimator CactiCache that estimates cache with actions idle, read, read_access, update, update_access, write, write_access, leak
2026-01-22 12:56:20 INFO        Added estimator CactiDRAM that estimates ['DRAM', 'dram'] with actions idle, read, update, write, leak
2026-01-22 12:56:20 INFO        Added estimator CactiSRAM that estimates ['SRAM', 'sram'] with actions idle, read, update, write, leak
2026-01-22 12:56:20 INFO        Done loading Python plug-ins.
2026-01-22 12:56:20 INFO        Found estimator plug-in: dummy (<DummyTable.DummyTable object at 0x75b5204c9ed0>)
2026-01-22 12:56:20 INFO        Found estimator plug-in: ADC Plug-In (<ADCEstimator.ADCEstimator object at 0x75b5204c9120>)
2026-01-22 12:56:20 INFO        Found estimator plug-in: Neurosim Plug-In (<NeuroWrapper.NeuroWrapper object at 0x75b5204c9cc0>)
2026-01-22 12:56:20 INFO        Found estimator plug-in: Library (<LibraryEstimator.LibraryEstimator object at 0x75b52035c400>)
2026-01-22 12:56:20 INFO        Found estimator plug-in: DEPRECATED table-based-plug-ins. Use the Library plug-in instead. (<SetsOfTables.SetsOfTables object at 0x75b52037fd60>)
2026-01-22 12:56:20 INFO        Found estimator plug-in: Aladdin_table (<AladdinTable.AladdinTable object at 0x75b520335030>)
2026-01-22 12:56:20 INFO        Found estimator plug-in: CactiCache (<accelergy.plug_in_interface.estimator_wrapper.EstimatorWrapper object at 0x75b520336950>)
2026-01-22 12:56:20 INFO        Found estimator plug-in: CactiDRAM (<accelergy.plug_in_interface.estimator_wrapper.EstimatorWrapper object at 0x75b5203368f0>)
2026-01-22 12:56:20 INFO        Found estimator plug-in: CactiSRAM (<accelergy.plug_in_interface.estimator_wrapper.EstimatorWrapper object at 0x75b520335240>)
2026-01-22 12:56:20 INFO        Calculated storage."width" as "memory_width" = 64.
2026-01-22 12:56:20 INFO        Calculated storage."depth" as "memory_depth" = 4096.
2026-01-22 12:56:20 INFO        Calculated storage."n_rdwr_ports" as "n_rdwr_ports" = 1.
2026-01-22 12:56:20 INFO        Calculated storage."global_cycle_seconds" as "global_cycle_seconds" = 1e-09.
2026-01-22 12:56:20 INFO        Calculated storage.area_scale as "area_scale" = 1.0.
2026-01-22 12:56:20 INFO        Calculated address_generators[0..1]."n_bits" as "max(1, ceil(log2(real_depth))) if real_depth >= 1 else 1" = 12.
2026-01-22 12:56:20 INFO        Calculated address_generators[0..1]."precision" as "max(1, ceil(log2(real_depth))) if real_depth >= 1 else 1" = 12.
2026-01-22 12:56:20 INFO        Calculated address_generators[0..1]."global_cycle_seconds" as "global_cycle_seconds" = 1e-09.
2026-01-22 12:56:20 INFO        Calculated action write energy_scale as "dynamic_energy_scale" = 1.0.
2026-01-22 12:56:20 INFO        Calculated action read energy_scale as "dynamic_energy_scale" = 1.0.
2026-01-22 12:56:20 INFO        Calculated action leak energy_scale as "static_energy_scale" = 1.0.
2026-01-22 12:56:20 INFO        Calculated action write energy_scale as "dynamic_energy_scale" = 1.0.
2026-01-22 12:56:20 INFO        Calculated storage."width" as "memory_width" = 32.
2026-01-22 12:56:20 INFO        Calculated storage."depth" as "memory_depth" = 512.
2026-01-22 12:56:20 INFO        Calculated storage."n_rdwr_ports" as "n_rdwr_ports" = 1.
2026-01-22 12:56:20 INFO        Calculated storage."global_cycle_seconds" as "global_cycle_seconds" = 1e-09.
2026-01-22 12:56:20 INFO        Calculated storage.area_scale as "area_scale" = 0.5.
2026-01-22 12:56:20 INFO        Calculated list index expression as "width*depth" = 16384.
2026-01-22 12:56:20 INFO        Calculated list index expression as "depth" = 512.
2026-01-22 12:56:20 INFO        Calculated storage.storage[1..16384]."global_cycle_seconds" as "global_cycle_seconds" = 1e-09.
2026-01-22 12:56:20 INFO        Calculated storage.comparator[1..512]."n_bits" as "max(1, ceil(log2(depth)))" = 9.
2026-01-22 12:56:20 INFO        Calculated storage.comparator[1..512]."global_cycle_seconds" as "global_cycle_seconds" = 1e-09.
2026-01-22 12:56:20 INFO        Calculated address_generators[0..1]."n_bits" as "max(1, ceil(log2(real_depth))) if real_depth >= 1 else 1" = 9.
2026-01-22 12:56:20 INFO        Calculated address_generators[0..1]."precision" as "max(1, ceil(log2(real_depth))) if real_depth >= 1 else 1" = 9.
2026-01-22 12:56:20 INFO        Calculated address_generators[0..1]."global_cycle_seconds" as "global_cycle_seconds" = 1e-09.
2026-01-22 12:56:20 INFO        Calculated action write energy_scale as "dynamic_energy_scale" = 0.5.
2026-01-22 12:56:20 INFO        Calculated list index expression as "width" = 32.
2026-01-22 12:56:20 INFO        Calculated list index expression as "depth" = 512.
2026-01-22 12:56:20 INFO        Calculated action read energy_scale as "dynamic_energy_scale" = 0.5.
2026-01-22 12:56:20 INFO        Calculated list index expression as "width" = 32.
2026-01-22 12:56:20 INFO        Calculated list index expression as "depth" = 512.
2026-01-22 12:56:20 INFO        Calculated action leak energy_scale as "static_energy_scale" = 0.5.
2026-01-22 12:56:20 INFO        Calculated list index expression as "width*depth" = 16384.
2026-01-22 12:56:20 INFO        Calculated system_top_level.shared_rf[1..400].leak.leak."global_cycle_seconds" as "global_cycle_seconds" = 1e-09.
2026-01-22 12:56:20 INFO        Calculated list index expression as "depth" = 512.
2026-01-22 12:56:20 INFO        Calculated system_top_level.shared_rf[1..400].leak.leak."global_cycle_seconds" as "global_cycle_seconds" = 1e-09.
2026-01-22 12:56:20 INFO        Calculated action write energy_scale as "dynamic_energy_scale" = 0.5.
2026-01-22 12:56:20 INFO        Calculated list index expression as "width" = 32.
2026-01-22 12:56:20 INFO        Calculated list index expression as "depth" = 512.
2026-01-22 12:56:20 INFO        Calculated intadder."width" as "adder_width" = 32.
2026-01-22 12:56:20 INFO        Calculated intmultiplier."width_a" as "multiplier_width" = 16.
2026-01-22 12:56:20 INFO        Calculated intmultiplier."width_b" as "multiplier_width" = 16.
2026-01-22 12:56:20 INFO        
2026-01-22 12:56:20 INFO        ENERGY ESTIMATION for DRAM(type=LPDDR4, width=64, datawidth=64, has_power_gating=False, n_banks=2, cluster_size=1, reduction_supported=True, multiple_buffering=1, min_utilization=0, allow_overbooking=False, meshX=1, meshY=1, technology=28nm, global_cycle_seconds=1e-09, version=0.4, action_latency_cycles=1, cycle_seconds=1e-09, n_instances=1).leak(global_cycle_seconds=1e-09, action_latency_cycles=1)
2026-01-22 12:56:20 INFO        CactiDRAM estimated 0 with accuracy 80%. Messages:
2026-01-22 12:56:20 INFO        | Unused arguments (datawidth, has_power_gating, n_banks, cluster_size, reduction_supported, multiple_buffering, min_utilization, allow_overbooking, meshX, meshY, technology, global_cycle_seconds, version, action_latency_cycles, cycle_seconds, n_instances) provided for ['DRAM', 'dram'].__init__. Arguments used: (type, width)
2026-01-22 12:56:20 INFO        | Unused arguments (action_latency_cycles) provided for ['DRAM', 'dram'].leak. Arguments used: (global_cycle_seconds)
2026-01-22 12:56:20 INFO        | Multiplying by n_instances 1
2026-01-22 12:56:20 INFO        
2026-01-22 12:56:20 INFO        ENERGY ESTIMATION for DRAM(type=LPDDR4, width=64, datawidth=64, has_power_gating=False, n_banks=2, cluster_size=1, reduction_supported=True, multiple_buffering=1, min_utilization=0, allow_overbooking=False, meshX=1, meshY=1, technology=28nm, global_cycle_seconds=1e-09, version=0.4, action_latency_cycles=1, cycle_seconds=1e-09, n_instances=1).write(global_cycle_seconds=1e-09, action_latency_cycles=1)
2026-01-22 12:56:20 INFO        CactiDRAM estimated 5.12e-10 with accuracy 80%. Messages:
2026-01-22 12:56:20 INFO        | Unused arguments (datawidth, has_power_gating, n_banks, cluster_size, reduction_supported, multiple_buffering, min_utilization, allow_overbooking, meshX, meshY, technology, global_cycle_seconds, version, action_latency_cycles, cycle_seconds, n_instances) provided for ['DRAM', 'dram'].__init__. Arguments used: (type, width)
2026-01-22 12:56:20 INFO        | Unused arguments (global_cycle_seconds, action_latency_cycles) provided for ['DRAM', 'dram'].write. Arguments used: ()
2026-01-22 12:56:20 INFO        
2026-01-22 12:56:20 INFO        ENERGY ESTIMATION for DRAM(type=LPDDR4, width=64, datawidth=64, has_power_gating=False, n_banks=2, cluster_size=1, reduction_supported=True, multiple_buffering=1, min_utilization=0, allow_overbooking=False, meshX=1, meshY=1, technology=28nm, global_cycle_seconds=1e-09, version=0.4, action_latency_cycles=1, cycle_seconds=1e-09, n_instances=1).read(global_cycle_seconds=1e-09, action_latency_cycles=1)
2026-01-22 12:56:20 INFO        CactiDRAM estimated 5.12e-10 with accuracy 80%. Messages:
2026-01-22 12:56:20 INFO        | Unused arguments (datawidth, has_power_gating, n_banks, cluster_size, reduction_supported, multiple_buffering, min_utilization, allow_overbooking, meshX, meshY, technology, global_cycle_seconds, version, action_latency_cycles, cycle_seconds, n_instances) provided for ['DRAM', 'dram'].__init__. Arguments used: (type, width)
2026-01-22 12:56:20 INFO        | Unused arguments (global_cycle_seconds, action_latency_cycles) provided for ['DRAM', 'dram'].read. Arguments used: ()
2026-01-22 12:56:20 INFO        
2026-01-22 12:56:20 INFO        ENERGY ESTIMATION for DRAM(type=LPDDR4, width=64, datawidth=64, has_power_gating=False, n_banks=2, cluster_size=1, reduction_supported=True, multiple_buffering=1, min_utilization=0, allow_overbooking=False, meshX=1, meshY=1, technology=28nm, global_cycle_seconds=1e-09, version=0.4, action_latency_cycles=1, cycle_seconds=1e-09, n_instances=1).update(global_cycle_seconds=1e-09, action_latency_cycles=1)
2026-01-22 12:56:20 INFO        CactiDRAM estimated 5.12e-10 with accuracy 80%. Messages:
2026-01-22 12:56:20 INFO        | Unused arguments (datawidth, has_power_gating, n_banks, cluster_size, reduction_supported, multiple_buffering, min_utilization, allow_overbooking, meshX, meshY, technology, global_cycle_seconds, version, action_latency_cycles, cycle_seconds, n_instances) provided for ['DRAM', 'dram'].__init__. Arguments used: (type, width)
2026-01-22 12:56:20 INFO        | Unused arguments (global_cycle_seconds, action_latency_cycles) provided for ['DRAM', 'dram'].update. Arguments used: ()
2026-01-22 12:56:20 INFO        
2026-01-22 12:56:20 INFO        ENERGY ESTIMATION for SRAM(width=64, depth=4096, n_rdwr_ports=1, global_cycle_seconds=1e-09, action_latency_cycles=1, cycle_seconds=1e-09, technology=28nm, n_instances=1).write(global_cycle_seconds=1e-09, action_latency_cycles=1, cycle_seconds=1e-09, technology=28nm, n_instances=1)
2026-01-22 12:56:21 INFO        CactiSRAM estimated 5.718038000000001e-12 with accuracy 80%. Messages:
2026-01-22 12:56:21 INFO        | Unused arguments (n_rdwr_ports, global_cycle_seconds, action_latency_cycles, cycle_seconds, n_instances) provided for ['SRAM', 'sram'].__init__. Arguments used: (width, depth, technology)
2026-01-22 12:56:21 INFO        | Unused arguments (global_cycle_seconds, action_latency_cycles, cycle_seconds, technology, n_instances) provided for ['SRAM', 'sram'].write. Arguments used: ()
2026-01-22 12:56:21 INFO        | Interpolating technology between 22 and 32.
2026-01-22 12:56:21 INFO        | Calling CACTI with cache_size=32768 n_rw_ports=1 block_size=8 tech_node_um=0.022 n_banks=1 tag_size=0 associativity=1
2026-01-22 12:56:21 INFO        | Calling CACTI with input path /home/yangzifeng/.local/share/accelergy/estimation_plug_ins/accelergy-cacti-plug-in/cacti_inputs_outputs/tmpihu05u0f
2026-01-22 12:56:21 INFO        | CACTI output will be written to /home/yangzifeng/.local/share/accelergy/estimation_plug_ins/accelergy-cacti-plug-in/cacti_inputs_outputs/tmpmtrcl67k
2026-01-22 12:56:21 INFO        | CACTI executable not found at /home/yangzifeng/.local/share/accelergy/estimation_plug_ins/accelergy-cacti-plug-in/cacti/cacti
2026-01-22 12:56:21 INFO        | Calling: cd /home/yangzifeng/.local/share/accelergy/estimation_plug_ins/accelergy-cacti-plug-in ; ./cacti -infile /home/yangzifeng/.local/share/accelergy/estimation_plug_ins/accelergy-cacti-plug-in/cacti_inputs_outputs/tmpihu05u0f >> /home/yangzifeng/.local/share/accelergy/estimation_plug_ins/accelergy-cacti-plug-in/cacti_inputs_outputs/tmpmtrcl67k 2>&1
2026-01-22 12:56:21 INFO        | Calling CACTI with cache_size=32768 n_rw_ports=1 block_size=8 tech_node_um=0.032 n_banks=1 tag_size=0 associativity=1
2026-01-22 12:56:21 INFO        | Calling CACTI with input path /home/yangzifeng/.local/share/accelergy/estimation_plug_ins/accelergy-cacti-plug-in/cacti_inputs_outputs/tmpjvj6welr
2026-01-22 12:56:21 INFO        | CACTI output will be written to /home/yangzifeng/.local/share/accelergy/estimation_plug_ins/accelergy-cacti-plug-in/cacti_inputs_outputs/tmphlit2gdd
2026-01-22 12:56:21 INFO        | CACTI executable not found at /home/yangzifeng/.local/share/accelergy/estimation_plug_ins/accelergy-cacti-plug-in/cacti/cacti
2026-01-22 12:56:21 INFO        | Calling: cd /home/yangzifeng/.local/share/accelergy/estimation_plug_ins/accelergy-cacti-plug-in ; ./cacti -infile /home/yangzifeng/.local/share/accelergy/estimation_plug_ins/accelergy-cacti-plug-in/cacti_inputs_outputs/tmpjvj6welr >> /home/yangzifeng/.local/share/accelergy/estimation_plug_ins/accelergy-cacti-plug-in/cacti_inputs_outputs/tmphlit2gdd 2>&1
2026-01-22 12:56:21 INFO        | Cache bandwidth: 8.0 bytes/cycle
2026-01-22 12:56:21 INFO        | Cache bandwidth: 82873729442.13548 bits/second
2026-01-22 12:56:21 INFO        
2026-01-22 12:56:21 INFO        ENERGY ESTIMATION for intadder(n_bits=12, precision=12, global_cycle_seconds=1e-09, action_latency_cycles=1, cycle_seconds=1e-09, technology=28nm, n_instances=1).add(global_cycle_seconds=1e-09, action_latency_cycles=1, cycle_seconds=1e-09, technology=28nm, n_instances=1)
2026-01-22 12:56:21 INFO        Neurosim Plug-In estimated 0.019765222p with accuracy 70%. Messages:
2026-01-22 12:56:21 INFO        | WARN: Non-numeric 28nm for parameter technology. Using 28 instead.
2026-01-22 12:56:21 INFO        | Building a crossbar with cell file /home/yangzifeng/.local/share/accelergy/estimation_plug_ins/accelergy-neurosim-plugin/cells/placeholder.cell
2026-01-22 12:56:21 INFO        | Neurosim Plugin parsing cell file...
2026-01-22 12:56:21 INFO        | 	Failed to calculate "widthSRAMCellNMOS:". Ignore if this value is not needed.
2026-01-22 12:56:21 INFO        | 		Could not find -SRAMCellNMOSWidth (F): in cell file.
2026-01-22 12:56:21 INFO        | 	Failed to calculate "widthSRAMCellPMOS:". Ignore if this value is not needed.
2026-01-22 12:56:21 INFO        | 		Could not find -SRAMCellPMOSWidth (F): in cell file.
2026-01-22 12:56:21 INFO        | 	Failed to calculate "minSenseVoltage:". Ignore if this value is not needed.
2026-01-22 12:56:21 INFO        | 		Could not find -MinSenseVoltage (mV): in cell file.
2026-01-22 12:56:21 INFO        | 	Failed to calculate "accessTransistorResistance:". Ignore if this value is not needed.
2026-01-22 12:56:21 INFO        | 		Could not find -AccessTransistorResistance (ohm): in cell file.
2026-01-22 12:56:21 INFO        | 	Failed to calculate "WriteVoltage:". Ignore if this value is not needed.
2026-01-22 12:56:21 INFO        | 		Could not find -WriteVoltage (V): in cell file.
2026-01-22 12:56:21 INFO        | 	Failed to calculate "SET_CURRENT". Ignore if this value is not needed.
2026-01-22 12:56:21 INFO        | 		Could not find -SetCurrent (uA): in cell file.
2026-01-22 12:56:21 INFO        | 	Failed to calculate "SET_POWER". Ignore if this value is not needed.
2026-01-22 12:56:21 INFO        | 		Could not find -SetPower (uW): in cell file.
2026-01-22 12:56:21 INFO        | 	Failed to calculate "READ_CURRENT". Ignore if this value is not needed.
2026-01-22 12:56:21 INFO        | 		Could not find -ReadCurrent (uA): in cell file.
2026-01-22 12:56:21 INFO        | 	Failed to calculate "READ_ENERGY". Ignore if this value is not needed.
2026-01-22 12:56:21 INFO        | 		Could not find -ReadEnergy (pJ): in cell file.
2026-01-22 12:56:21 INFO        | 	Failed to calculate "cellCapacitanceMultiplier:". Ignore if this value is not needed.
2026-01-22 12:56:21 INFO        | 		Could not find -CellCapacitanceMultiplier: in cell file.
2026-01-22 12:56:21 INFO        | 	Failed to calculate "cellCapacitanceAdjust:". Ignore if this value is not needed.
2026-01-22 12:56:21 INFO        | 		Could not find -CellCapacitanceAdjust (F): in cell file.
2026-01-22 12:56:21 INFO        | 	Failed to calculate "deviceRoadmap:". Ignore if this value is not needed.
2026-01-22 12:56:21 INFO        | 		Could not find -DeviceRoadmap -1LP 1HP 2LSTP: in cell file.
2026-01-22 12:56:21 INFO        | Running /home/yangzifeng/.local/share/accelergy/estimation_plug_ins/accelergy-neurosim-plugin/NeuroSim/main /home/yangzifeng/.local/share/accelergy/estimation_plug_ins/accelergy-neurosim-plugin/neurosim_input_401937.cfg
2026-01-22 12:56:21 INFO        | Crossbar minimum latency is 2.344 ns to read 8.0 columns at once.
2026-01-22 12:56:21 INFO        | Building a crossbar with cell file /home/yangzifeng/.local/share/accelergy/estimation_plug_ins/accelergy-neurosim-plugin/cells/placeholder.cell
2026-01-22 12:56:21 INFO        | Neurosim Plugin parsing cell file...
2026-01-22 12:56:21 INFO        | 	Failed to calculate "widthSRAMCellNMOS:". Ignore if this value is not needed.
2026-01-22 12:56:21 INFO        | 		Could not find -SRAMCellNMOSWidth (F): in cell file.
2026-01-22 12:56:21 INFO        | 	Failed to calculate "widthSRAMCellPMOS:". Ignore if this value is not needed.
2026-01-22 12:56:21 INFO        | 		Could not find -SRAMCellPMOSWidth (F): in cell file.
2026-01-22 12:56:21 INFO        | 	Failed to calculate "minSenseVoltage:". Ignore if this value is not needed.
2026-01-22 12:56:21 INFO        | 		Could not find -MinSenseVoltage (mV): in cell file.
2026-01-22 12:56:21 INFO        | 	Failed to calculate "accessTransistorResistance:". Ignore if this value is not needed.
2026-01-22 12:56:21 INFO        | 		Could not find -AccessTransistorResistance (ohm): in cell file.
2026-01-22 12:56:21 INFO        | 	Failed to calculate "WriteVoltage:". Ignore if this value is not needed.
2026-01-22 12:56:21 INFO        | 		Could not find -WriteVoltage (V): in cell file.
2026-01-22 12:56:21 INFO        | 	Failed to calculate "SET_CURRENT". Ignore if this value is not needed.
2026-01-22 12:56:21 INFO        | 		Could not find -SetCurrent (uA): in cell file.
2026-01-22 12:56:21 INFO        | 	Failed to calculate "SET_POWER". Ignore if this value is not needed.
2026-01-22 12:56:21 INFO        | 		Could not find -SetPower (uW): in cell file.
2026-01-22 12:56:21 INFO        | 	Failed to calculate "READ_CURRENT". Ignore if this value is not needed.
2026-01-22 12:56:21 INFO        | 		Could not find -ReadCurrent (uA): in cell file.
2026-01-22 12:56:21 INFO        | 	Failed to calculate "READ_ENERGY". Ignore if this value is not needed.
2026-01-22 12:56:21 INFO        | 		Could not find -ReadEnergy (pJ): in cell file.
2026-01-22 12:56:21 INFO        | 	Failed to calculate "cellCapacitanceMultiplier:". Ignore if this value is not needed.
2026-01-22 12:56:21 INFO        | 		Could not find -CellCapacitanceMultiplier: in cell file.
2026-01-22 12:56:21 INFO        | 	Failed to calculate "cellCapacitanceAdjust:". Ignore if this value is not needed.
2026-01-22 12:56:21 INFO        | 		Could not find -CellCapacitanceAdjust (F): in cell file.
2026-01-22 12:56:21 INFO        | 	Failed to calculate "deviceRoadmap:". Ignore if this value is not needed.
2026-01-22 12:56:21 INFO        | 		Could not find -DeviceRoadmap -1LP 1HP 2LSTP: in cell file.
2026-01-22 12:56:21 INFO        | Running /home/yangzifeng/.local/share/accelergy/estimation_plug_ins/accelergy-neurosim-plugin/NeuroSim/main /home/yangzifeng/.local/share/accelergy/estimation_plug_ins/accelergy-neurosim-plugin/neurosim_input_401937.cfg
2026-01-22 12:56:21 INFO        | Crossbar minimum latency is 2.005 ns to read 8.0 columns at once.
2026-01-22 12:56:21 INFO        
2026-01-22 12:56:21 INFO        ENERGY ESTIMATION for SRAM(width=64, depth=4096, n_rdwr_ports=1, global_cycle_seconds=1e-09, action_latency_cycles=1, cycle_seconds=1e-09, technology=28nm, n_instances=1).read(global_cycle_seconds=1e-09, action_latency_cycles=1, cycle_seconds=1e-09, technology=28nm, n_instances=1)
2026-01-22 12:56:22 INFO        CactiSRAM estimated 6.468832000000001e-12 with accuracy 80%. Messages:
2026-01-22 12:56:22 INFO        | Unused arguments (n_rdwr_ports, global_cycle_seconds, action_latency_cycles, cycle_seconds, n_instances) provided for ['SRAM', 'sram'].__init__. Arguments used: (width, depth, technology)
2026-01-22 12:56:22 INFO        | Unused arguments (global_cycle_seconds, action_latency_cycles, cycle_seconds, technology, n_instances) provided for ['SRAM', 'sram'].read. Arguments used: ()
2026-01-22 12:56:22 INFO        | Interpolating technology between 22 and 32.
2026-01-22 12:56:22 INFO        | Calling CACTI with cache_size=32768 n_rw_ports=1 block_size=8 tech_node_um=0.022 n_banks=1 tag_size=0 associativity=1
2026-01-22 12:56:22 INFO        | Calling CACTI with input path /home/yangzifeng/.local/share/accelergy/estimation_plug_ins/accelergy-cacti-plug-in/cacti_inputs_outputs/tmpy319tp8f
2026-01-22 12:56:22 INFO        | CACTI output will be written to /home/yangzifeng/.local/share/accelergy/estimation_plug_ins/accelergy-cacti-plug-in/cacti_inputs_outputs/tmpsnfv6ndh
2026-01-22 12:56:22 INFO        | CACTI executable not found at /home/yangzifeng/.local/share/accelergy/estimation_plug_ins/accelergy-cacti-plug-in/cacti/cacti
2026-01-22 12:56:22 INFO        | Calling: cd /home/yangzifeng/.local/share/accelergy/estimation_plug_ins/accelergy-cacti-plug-in ; ./cacti -infile /home/yangzifeng/.local/share/accelergy/estimation_plug_ins/accelergy-cacti-plug-in/cacti_inputs_outputs/tmpy319tp8f >> /home/yangzifeng/.local/share/accelergy/estimation_plug_ins/accelergy-cacti-plug-in/cacti_inputs_outputs/tmpsnfv6ndh 2>&1
2026-01-22 12:56:22 INFO        | Calling CACTI with cache_size=32768 n_rw_ports=1 block_size=8 tech_node_um=0.032 n_banks=1 tag_size=0 associativity=1
2026-01-22 12:56:22 INFO        | Calling CACTI with input path /home/yangzifeng/.local/share/accelergy/estimation_plug_ins/accelergy-cacti-plug-in/cacti_inputs_outputs/tmphddglwxy
2026-01-22 12:56:22 INFO        | CACTI output will be written to /home/yangzifeng/.local/share/accelergy/estimation_plug_ins/accelergy-cacti-plug-in/cacti_inputs_outputs/tmpifx6afv3
2026-01-22 12:56:22 INFO        | CACTI executable not found at /home/yangzifeng/.local/share/accelergy/estimation_plug_ins/accelergy-cacti-plug-in/cacti/cacti
2026-01-22 12:56:22 INFO        | Calling: cd /home/yangzifeng/.local/share/accelergy/estimation_plug_ins/accelergy-cacti-plug-in ; ./cacti -infile /home/yangzifeng/.local/share/accelergy/estimation_plug_ins/accelergy-cacti-plug-in/cacti_inputs_outputs/tmphddglwxy >> /home/yangzifeng/.local/share/accelergy/estimation_plug_ins/accelergy-cacti-plug-in/cacti_inputs_outputs/tmpifx6afv3 2>&1
2026-01-22 12:56:22 INFO        | Cache bandwidth: 8.0 bytes/cycle
2026-01-22 12:56:22 INFO        | Cache bandwidth: 82873729442.13548 bits/second
2026-01-22 12:56:22 INFO        
2026-01-22 12:56:22 INFO        ENERGY ESTIMATION for intadder(n_bits=12, precision=12, global_cycle_seconds=1e-09, action_latency_cycles=1, cycle_seconds=1e-09, technology=28nm, n_instances=1).add(global_cycle_seconds=1e-09, action_latency_cycles=1, cycle_seconds=1e-09, technology=28nm, n_instances=1)
2026-01-22 12:56:22 INFO        Neurosim Plug-In estimated 0.019765222p with accuracy 70%. Messages:
2026-01-22 12:56:22 INFO        | WARN: Non-numeric 28nm for parameter technology. Using 28 instead.
2026-01-22 12:56:22 INFO        
2026-01-22 12:56:22 INFO        ENERGY ESTIMATION for SRAM(width=64, depth=4096, n_rdwr_ports=1, global_cycle_seconds=1e-09, action_latency_cycles=1, cycle_seconds=1e-09, technology=28nm, n_instances=1).leak(global_cycle_seconds=1e-09, action_latency_cycles=1, cycle_seconds=1e-09, technology=28nm, n_instances=1)
2026-01-22 12:56:23 INFO        CactiSRAM estimated 3.143900000000001e-15 with accuracy 80%. Messages:
2026-01-22 12:56:23 INFO        | Unused arguments (n_rdwr_ports, global_cycle_seconds, action_latency_cycles, cycle_seconds, n_instances) provided for ['SRAM', 'sram'].__init__. Arguments used: (width, depth, technology)
2026-01-22 12:56:23 INFO        | Unused arguments (action_latency_cycles, cycle_seconds, technology, n_instances) provided for ['SRAM', 'sram'].leak. Arguments used: (global_cycle_seconds)
2026-01-22 12:56:23 INFO        | Interpolating technology between 22 and 32.
2026-01-22 12:56:23 INFO        | Calling CACTI with cache_size=32768 n_rw_ports=1 block_size=8 tech_node_um=0.022 n_banks=1 tag_size=0 associativity=1
2026-01-22 12:56:23 INFO        | Calling CACTI with input path /home/yangzifeng/.local/share/accelergy/estimation_plug_ins/accelergy-cacti-plug-in/cacti_inputs_outputs/tmph0alptal
2026-01-22 12:56:23 INFO        | CACTI output will be written to /home/yangzifeng/.local/share/accelergy/estimation_plug_ins/accelergy-cacti-plug-in/cacti_inputs_outputs/tmpar0ejcr5
2026-01-22 12:56:23 INFO        | CACTI executable not found at /home/yangzifeng/.local/share/accelergy/estimation_plug_ins/accelergy-cacti-plug-in/cacti/cacti
2026-01-22 12:56:23 INFO        | Calling: cd /home/yangzifeng/.local/share/accelergy/estimation_plug_ins/accelergy-cacti-plug-in ; ./cacti -infile /home/yangzifeng/.local/share/accelergy/estimation_plug_ins/accelergy-cacti-plug-in/cacti_inputs_outputs/tmph0alptal >> /home/yangzifeng/.local/share/accelergy/estimation_plug_ins/accelergy-cacti-plug-in/cacti_inputs_outputs/tmpar0ejcr5 2>&1
2026-01-22 12:56:23 INFO        | Calling CACTI with cache_size=32768 n_rw_ports=1 block_size=8 tech_node_um=0.032 n_banks=1 tag_size=0 associativity=1
2026-01-22 12:56:23 INFO        | Calling CACTI with input path /home/yangzifeng/.local/share/accelergy/estimation_plug_ins/accelergy-cacti-plug-in/cacti_inputs_outputs/tmph2ufdoor
2026-01-22 12:56:23 INFO        | CACTI output will be written to /home/yangzifeng/.local/share/accelergy/estimation_plug_ins/accelergy-cacti-plug-in/cacti_inputs_outputs/tmp4jo7aa__
2026-01-22 12:56:23 INFO        | CACTI executable not found at /home/yangzifeng/.local/share/accelergy/estimation_plug_ins/accelergy-cacti-plug-in/cacti/cacti
2026-01-22 12:56:23 INFO        | Calling: cd /home/yangzifeng/.local/share/accelergy/estimation_plug_ins/accelergy-cacti-plug-in ; ./cacti -infile /home/yangzifeng/.local/share/accelergy/estimation_plug_ins/accelergy-cacti-plug-in/cacti_inputs_outputs/tmph2ufdoor >> /home/yangzifeng/.local/share/accelergy/estimation_plug_ins/accelergy-cacti-plug-in/cacti_inputs_outputs/tmp4jo7aa__ 2>&1
2026-01-22 12:56:23 INFO        | Cache bandwidth: 8.0 bytes/cycle
2026-01-22 12:56:23 INFO        | Cache bandwidth: 82873729442.13548 bits/second
2026-01-22 12:56:23 INFO        | Multiplying by n_instances 1
2026-01-22 12:56:23 INFO        
2026-01-22 12:56:23 INFO        ENERGY ESTIMATION for intadder(n_bits=12, precision=12, global_cycle_seconds=1e-09, action_latency_cycles=1, cycle_seconds=1e-09, technology=28nm, n_instances=1).leak(global_cycle_seconds=1e-09, action_latency_cycles=1, cycle_seconds=1e-09, technology=28nm, n_instances=1)
2026-01-22 12:56:23 INFO        Neurosim Plug-In estimated 2.2509198e-06p with accuracy 70%. Messages:
2026-01-22 12:56:23 INFO        | WARN: Non-numeric 28nm for parameter technology. Using 28 instead.
2026-01-22 12:56:23 INFO        | Multiplying by n_instances 1
2026-01-22 12:56:23 INFO        
2026-01-22 12:56:23 INFO        ENERGY ESTIMATION for SRAM(width=64, depth=4096, n_rdwr_ports=1, global_cycle_seconds=1e-09, action_latency_cycles=1, cycle_seconds=1e-09, technology=28nm, n_instances=1).write(global_cycle_seconds=1e-09, action_latency_cycles=1, cycle_seconds=1e-09, technology=28nm, n_instances=1)
2026-01-22 12:56:24 INFO        CactiSRAM estimated 5.718038000000001e-12 with accuracy 80%. Messages:
2026-01-22 12:56:24 INFO        | Unused arguments (n_rdwr_ports, global_cycle_seconds, action_latency_cycles, cycle_seconds, n_instances) provided for ['SRAM', 'sram'].__init__. Arguments used: (width, depth, technology)
2026-01-22 12:56:24 INFO        | Unused arguments (global_cycle_seconds, action_latency_cycles, cycle_seconds, technology, n_instances) provided for ['SRAM', 'sram'].write. Arguments used: ()
2026-01-22 12:56:24 INFO        | Interpolating technology between 22 and 32.
2026-01-22 12:56:24 INFO        | Calling CACTI with cache_size=32768 n_rw_ports=1 block_size=8 tech_node_um=0.022 n_banks=1 tag_size=0 associativity=1
2026-01-22 12:56:24 INFO        | Calling CACTI with input path /home/yangzifeng/.local/share/accelergy/estimation_plug_ins/accelergy-cacti-plug-in/cacti_inputs_outputs/tmp1vxepoup
2026-01-22 12:56:24 INFO        | CACTI output will be written to /home/yangzifeng/.local/share/accelergy/estimation_plug_ins/accelergy-cacti-plug-in/cacti_inputs_outputs/tmph5u4rdf1
2026-01-22 12:56:24 INFO        | CACTI executable not found at /home/yangzifeng/.local/share/accelergy/estimation_plug_ins/accelergy-cacti-plug-in/cacti/cacti
2026-01-22 12:56:24 INFO        | Calling: cd /home/yangzifeng/.local/share/accelergy/estimation_plug_ins/accelergy-cacti-plug-in ; ./cacti -infile /home/yangzifeng/.local/share/accelergy/estimation_plug_ins/accelergy-cacti-plug-in/cacti_inputs_outputs/tmp1vxepoup >> /home/yangzifeng/.local/share/accelergy/estimation_plug_ins/accelergy-cacti-plug-in/cacti_inputs_outputs/tmph5u4rdf1 2>&1
2026-01-22 12:56:24 INFO        | Calling CACTI with cache_size=32768 n_rw_ports=1 block_size=8 tech_node_um=0.032 n_banks=1 tag_size=0 associativity=1
2026-01-22 12:56:24 INFO        | Calling CACTI with input path /home/yangzifeng/.local/share/accelergy/estimation_plug_ins/accelergy-cacti-plug-in/cacti_inputs_outputs/tmpoviuv380
2026-01-22 12:56:24 INFO        | CACTI output will be written to /home/yangzifeng/.local/share/accelergy/estimation_plug_ins/accelergy-cacti-plug-in/cacti_inputs_outputs/tmpf2iar5pz
2026-01-22 12:56:24 INFO        | CACTI executable not found at /home/yangzifeng/.local/share/accelergy/estimation_plug_ins/accelergy-cacti-plug-in/cacti/cacti
2026-01-22 12:56:24 INFO        | Calling: cd /home/yangzifeng/.local/share/accelergy/estimation_plug_ins/accelergy-cacti-plug-in ; ./cacti -infile /home/yangzifeng/.local/share/accelergy/estimation_plug_ins/accelergy-cacti-plug-in/cacti_inputs_outputs/tmpoviuv380 >> /home/yangzifeng/.local/share/accelergy/estimation_plug_ins/accelergy-cacti-plug-in/cacti_inputs_outputs/tmpf2iar5pz 2>&1
2026-01-22 12:56:24 INFO        | Cache bandwidth: 8.0 bytes/cycle
2026-01-22 12:56:24 INFO        | Cache bandwidth: 82873729442.13548 bits/second
2026-01-22 12:56:24 INFO        
2026-01-22 12:56:24 INFO        ENERGY ESTIMATION for intadder(n_bits=12, precision=12, global_cycle_seconds=1e-09, action_latency_cycles=1, cycle_seconds=1e-09, technology=28nm, n_instances=1).add(global_cycle_seconds=1e-09, action_latency_cycles=1, cycle_seconds=1e-09, technology=28nm, n_instances=1)
2026-01-22 12:56:24 INFO        Neurosim Plug-In estimated 0.019765222p with accuracy 70%. Messages:
2026-01-22 12:56:24 INFO        | WARN: Non-numeric 28nm for parameter technology. Using 28 instead.
2026-01-22 12:56:24 INFO        
2026-01-22 12:56:24 INFO        ENERGY ESTIMATION for aladdin_register(global_cycle_seconds=1e-09, action_latency_cycles=1, cycle_seconds=1e-09, technology=28nm, n_instances=1).write(global_cycle_seconds=1e-09, action_latency_cycles=1, cycle_seconds=1e-09, technology=28nm, n_instances=1)
2026-01-22 12:56:24 INFO        Library estimated 0.0p with accuracy 90%. Messages:
2026-01-22 12:56:24 INFO        | Found 1 entries for aladdin_register.write.
2026-01-22 12:56:24 INFO        | Checking entry "{'technology': '40nm', 'global_cycle_seconds': '1e-9', 'width|datawidth': '1', 'dynamic energy(pJ)': '0', 'area(um^2)': '5.98E+00', 'action': 'write', 'name': 'aladdin_register', 'n_instances': 1}
2026-01-22 12:56:24 INFO        | value=0.0, matching_attrs=2, log=['Scaling global_cycle_seconds from 1e-9 to 1e-09', 'Scaling technology from 40nm to 28nm', 'Scaled aladdin_register.global_cycle_seconds from 1e-09 to 1e-09: 1x energy', 'Scaled aladdin_register.technology from 40.0 to 28.0: 0.46453878996135317x energy', 'aladdin_register energy has been scaled 0.46453878996135317x']
2026-01-22 12:56:24 INFO        | Best-matching entry: {'technology': '40nm', 'global_cycle_seconds': '1e-9', 'width|datawidth': '1', 'dynamic energy(pJ)': '0', 'area(um^2)': '5.98E+00', 'action': 'write', 'name': 'aladdin_register', 'n_instances': 1}
2026-01-22 12:56:24 INFO        | Scaling global_cycle_seconds from 1e-9 to 1e-09
2026-01-22 12:56:24 INFO        | Scaling technology from 40nm to 28nm
2026-01-22 12:56:24 INFO        | Scaled aladdin_register.global_cycle_seconds from 1e-09 to 1e-09: 1x energy
2026-01-22 12:56:24 INFO        | Scaled aladdin_register.technology from 40.0 to 28.0: 0.46453878996135317x energy
2026-01-22 12:56:24 INFO        | aladdin_register energy has been scaled 0.46453878996135317x
2026-01-22 12:56:24 INFO        
2026-01-22 12:56:24 INFO        ENERGY ESTIMATION for aladdin_comparator(n_bits=9, global_cycle_seconds=1e-09, action_latency_cycles=1, cycle_seconds=1e-09, technology=28nm, n_instances=1).compare(global_cycle_seconds=1e-09, action_latency_cycles=1, cycle_seconds=1e-09, technology=28nm, n_instances=1)
2026-01-22 12:56:24 INFO        Library estimated 0.013689958140161078p with accuracy 90%. Messages:
2026-01-22 12:56:24 INFO        | Found 1 entries for aladdin_comparator.compare.
2026-01-22 12:56:24 INFO        | Checking entry "{'technology': '40nm', 'global_cycle_seconds': '1e-9', 'width|datawidth': '32', 'energy(pJ)': '0.02947', 'area(um^2)': '71', 'action': 'compare', 'name': 'aladdin_comparator', 'n_instances': 1}
2026-01-22 12:56:24 INFO        | value=0.02947, matching_attrs=2, log=['Scaling global_cycle_seconds from 1e-9 to 1e-09', 'Scaling technology from 40nm to 28nm', 'Scaled aladdin_comparator.global_cycle_seconds from 1e-09 to 1e-09: 1x energy', 'Scaled aladdin_comparator.technology from 40.0 to 28.0: 0.46453878996135317x energy', 'aladdin_comparator energy has been scaled 0.46453878996135317x']
2026-01-22 12:56:24 INFO        | Best-matching entry: {'technology': '40nm', 'global_cycle_seconds': '1e-9', 'width|datawidth': '32', 'energy(pJ)': '0.02947', 'area(um^2)': '71', 'action': 'compare', 'name': 'aladdin_comparator', 'n_instances': 1}
2026-01-22 12:56:24 INFO        | Scaling global_cycle_seconds from 1e-9 to 1e-09
2026-01-22 12:56:24 INFO        | Scaling technology from 40nm to 28nm
2026-01-22 12:56:24 INFO        | Scaled aladdin_comparator.global_cycle_seconds from 1e-09 to 1e-09: 1x energy
2026-01-22 12:56:24 INFO        | Scaled aladdin_comparator.technology from 40.0 to 28.0: 0.46453878996135317x energy
2026-01-22 12:56:24 INFO        | aladdin_comparator energy has been scaled 0.46453878996135317x
2026-01-22 12:56:24 INFO        
2026-01-22 12:56:24 INFO        ENERGY ESTIMATION for intadder(n_bits=9, precision=9, global_cycle_seconds=1e-09, action_latency_cycles=1, cycle_seconds=1e-09, technology=28nm, n_instances=1).add(global_cycle_seconds=1e-09, action_latency_cycles=1, cycle_seconds=1e-09, technology=28nm, n_instances=1)
2026-01-22 12:56:24 INFO        Neurosim Plug-In estimated 0.014851649599999999p with accuracy 70%. Messages:
2026-01-22 12:56:24 INFO        | WARN: Non-numeric 28nm for parameter technology. Using 28 instead.
2026-01-22 12:56:24 INFO        | Building a crossbar with cell file /home/yangzifeng/.local/share/accelergy/estimation_plug_ins/accelergy-neurosim-plugin/cells/placeholder.cell
2026-01-22 12:56:24 INFO        | Neurosim Plugin parsing cell file...
2026-01-22 12:56:24 INFO        | 	Failed to calculate "widthSRAMCellNMOS:". Ignore if this value is not needed.
2026-01-22 12:56:24 INFO        | 		Could not find -SRAMCellNMOSWidth (F): in cell file.
2026-01-22 12:56:24 INFO        | 	Failed to calculate "widthSRAMCellPMOS:". Ignore if this value is not needed.
2026-01-22 12:56:24 INFO        | 		Could not find -SRAMCellPMOSWidth (F): in cell file.
2026-01-22 12:56:24 INFO        | 	Failed to calculate "minSenseVoltage:". Ignore if this value is not needed.
2026-01-22 12:56:24 INFO        | 		Could not find -MinSenseVoltage (mV): in cell file.
2026-01-22 12:56:24 INFO        | 	Failed to calculate "accessTransistorResistance:". Ignore if this value is not needed.
2026-01-22 12:56:24 INFO        | 		Could not find -AccessTransistorResistance (ohm): in cell file.
2026-01-22 12:56:24 INFO        | 	Failed to calculate "WriteVoltage:". Ignore if this value is not needed.
2026-01-22 12:56:24 INFO        | 		Could not find -WriteVoltage (V): in cell file.
2026-01-22 12:56:24 INFO        | 	Failed to calculate "SET_CURRENT". Ignore if this value is not needed.
2026-01-22 12:56:24 INFO        | 		Could not find -SetCurrent (uA): in cell file.
2026-01-22 12:56:24 INFO        | 	Failed to calculate "SET_POWER". Ignore if this value is not needed.
2026-01-22 12:56:24 INFO        | 		Could not find -SetPower (uW): in cell file.
2026-01-22 12:56:24 INFO        | 	Failed to calculate "READ_CURRENT". Ignore if this value is not needed.
2026-01-22 12:56:24 INFO        | 		Could not find -ReadCurrent (uA): in cell file.
2026-01-22 12:56:24 INFO        | 	Failed to calculate "READ_ENERGY". Ignore if this value is not needed.
2026-01-22 12:56:24 INFO        | 		Could not find -ReadEnergy (pJ): in cell file.
2026-01-22 12:56:24 INFO        | 	Failed to calculate "cellCapacitanceMultiplier:". Ignore if this value is not needed.
2026-01-22 12:56:24 INFO        | 		Could not find -CellCapacitanceMultiplier: in cell file.
2026-01-22 12:56:24 INFO        | 	Failed to calculate "cellCapacitanceAdjust:". Ignore if this value is not needed.
2026-01-22 12:56:24 INFO        | 		Could not find -CellCapacitanceAdjust (F): in cell file.
2026-01-22 12:56:24 INFO        | 	Failed to calculate "deviceRoadmap:". Ignore if this value is not needed.
2026-01-22 12:56:24 INFO        | 		Could not find -DeviceRoadmap -1LP 1HP 2LSTP: in cell file.
2026-01-22 12:56:24 INFO        | Running /home/yangzifeng/.local/share/accelergy/estimation_plug_ins/accelergy-neurosim-plugin/NeuroSim/main /home/yangzifeng/.local/share/accelergy/estimation_plug_ins/accelergy-neurosim-plugin/neurosim_input_401937.cfg
2026-01-22 12:56:24 INFO        | Crossbar minimum latency is 2.344 ns to read 8.0 columns at once.
2026-01-22 12:56:24 INFO        | Building a crossbar with cell file /home/yangzifeng/.local/share/accelergy/estimation_plug_ins/accelergy-neurosim-plugin/cells/placeholder.cell
2026-01-22 12:56:24 INFO        | Neurosim Plugin parsing cell file...
2026-01-22 12:56:24 INFO        | 	Failed to calculate "widthSRAMCellNMOS:". Ignore if this value is not needed.
2026-01-22 12:56:24 INFO        | 		Could not find -SRAMCellNMOSWidth (F): in cell file.
2026-01-22 12:56:24 INFO        | 	Failed to calculate "widthSRAMCellPMOS:". Ignore if this value is not needed.
2026-01-22 12:56:24 INFO        | 		Could not find -SRAMCellPMOSWidth (F): in cell file.
2026-01-22 12:56:24 INFO        | 	Failed to calculate "minSenseVoltage:". Ignore if this value is not needed.
2026-01-22 12:56:24 INFO        | 		Could not find -MinSenseVoltage (mV): in cell file.
2026-01-22 12:56:24 INFO        | 	Failed to calculate "accessTransistorResistance:". Ignore if this value is not needed.
2026-01-22 12:56:24 INFO        | 		Could not find -AccessTransistorResistance (ohm): in cell file.
2026-01-22 12:56:24 INFO        | 	Failed to calculate "WriteVoltage:". Ignore if this value is not needed.
2026-01-22 12:56:24 INFO        | 		Could not find -WriteVoltage (V): in cell file.
2026-01-22 12:56:24 INFO        | 	Failed to calculate "SET_CURRENT". Ignore if this value is not needed.
2026-01-22 12:56:24 INFO        | 		Could not find -SetCurrent (uA): in cell file.
2026-01-22 12:56:24 INFO        | 	Failed to calculate "SET_POWER". Ignore if this value is not needed.
2026-01-22 12:56:24 INFO        | 		Could not find -SetPower (uW): in cell file.
2026-01-22 12:56:24 INFO        | 	Failed to calculate "READ_CURRENT". Ignore if this value is not needed.
2026-01-22 12:56:24 INFO        | 		Could not find -ReadCurrent (uA): in cell file.
2026-01-22 12:56:24 INFO        | 	Failed to calculate "READ_ENERGY". Ignore if this value is not needed.
2026-01-22 12:56:24 INFO        | 		Could not find -ReadEnergy (pJ): in cell file.
2026-01-22 12:56:24 INFO        | 	Failed to calculate "cellCapacitanceMultiplier:". Ignore if this value is not needed.
2026-01-22 12:56:24 INFO        | 		Could not find -CellCapacitanceMultiplier: in cell file.
2026-01-22 12:56:24 INFO        | 	Failed to calculate "cellCapacitanceAdjust:". Ignore if this value is not needed.
2026-01-22 12:56:24 INFO        | 		Could not find -CellCapacitanceAdjust (F): in cell file.
2026-01-22 12:56:24 INFO        | 	Failed to calculate "deviceRoadmap:". Ignore if this value is not needed.
2026-01-22 12:56:24 INFO        | 		Could not find -DeviceRoadmap -1LP 1HP 2LSTP: in cell file.
2026-01-22 12:56:24 INFO        | Running /home/yangzifeng/.local/share/accelergy/estimation_plug_ins/accelergy-neurosim-plugin/NeuroSim/main /home/yangzifeng/.local/share/accelergy/estimation_plug_ins/accelergy-neurosim-plugin/neurosim_input_401937.cfg
2026-01-22 12:56:24 INFO        | Crossbar minimum latency is 2.005 ns to read 8.0 columns at once.
2026-01-22 12:56:24 INFO        
2026-01-22 12:56:24 INFO        ENERGY ESTIMATION for aladdin_register(global_cycle_seconds=1e-09, action_latency_cycles=1, cycle_seconds=1e-09, technology=28nm, n_instances=1).read(global_cycle_seconds=1e-09, action_latency_cycles=1, cycle_seconds=1e-09, technology=28nm, n_instances=1)
2026-01-22 12:56:24 INFO        Library estimated 0.004180849109652178p with accuracy 90%. Messages:
2026-01-22 12:56:24 INFO        | Found 1 entries for aladdin_register.read.
2026-01-22 12:56:24 INFO        | Checking entry "{'technology': '40nm', 'global_cycle_seconds': '1e-9', 'width|datawidth': '1', 'dynamic energy(pJ)': '0.009', 'area(um^2)': '5.98E+00', 'action': 'read', 'name': 'aladdin_register', 'n_instances': 1}
2026-01-22 12:56:24 INFO        | value=0.009, matching_attrs=2, log=['Scaling global_cycle_seconds from 1e-9 to 1e-09', 'Scaling technology from 40nm to 28nm', 'Scaled aladdin_register.global_cycle_seconds from 1e-09 to 1e-09: 1x energy', 'Scaled aladdin_register.technology from 40.0 to 28.0: 0.46453878996135317x energy', 'aladdin_register energy has been scaled 0.46453878996135317x']
2026-01-22 12:56:24 INFO        | Best-matching entry: {'technology': '40nm', 'global_cycle_seconds': '1e-9', 'width|datawidth': '1', 'dynamic energy(pJ)': '0.009', 'area(um^2)': '5.98E+00', 'action': 'read', 'name': 'aladdin_register', 'n_instances': 1}
2026-01-22 12:56:24 INFO        | Scaling global_cycle_seconds from 1e-9 to 1e-09
2026-01-22 12:56:24 INFO        | Scaling technology from 40nm to 28nm
2026-01-22 12:56:24 INFO        | Scaled aladdin_register.global_cycle_seconds from 1e-09 to 1e-09: 1x energy
2026-01-22 12:56:24 INFO        | Scaled aladdin_register.technology from 40.0 to 28.0: 0.46453878996135317x energy
2026-01-22 12:56:24 INFO        | aladdin_register energy has been scaled 0.46453878996135317x
2026-01-22 12:56:24 INFO        
2026-01-22 12:56:24 INFO        ENERGY ESTIMATION for aladdin_comparator(n_bits=9, global_cycle_seconds=1e-09, action_latency_cycles=1, cycle_seconds=1e-09, technology=28nm, n_instances=1).compare(global_cycle_seconds=1e-09, action_latency_cycles=1, cycle_seconds=1e-09, technology=28nm, n_instances=1)
2026-01-22 12:56:24 INFO        Library estimated 0.013689958140161078p with accuracy 90%. Messages:
2026-01-22 12:56:24 INFO        | Found 1 entries for aladdin_comparator.compare.
2026-01-22 12:56:24 INFO        | Checking entry "{'technology': '40nm', 'global_cycle_seconds': '1e-9', 'width|datawidth': '32', 'energy(pJ)': '0.02947', 'area(um^2)': '71', 'action': 'compare', 'name': 'aladdin_comparator', 'n_instances': 1}
2026-01-22 12:56:24 INFO        | value=0.02947, matching_attrs=2, log=['Scaling global_cycle_seconds from 1e-9 to 1e-09', 'Scaling technology from 40nm to 28nm', 'Scaled aladdin_comparator.global_cycle_seconds from 1e-09 to 1e-09: 1x energy', 'Scaled aladdin_comparator.technology from 40.0 to 28.0: 0.46453878996135317x energy', 'aladdin_comparator energy has been scaled 0.46453878996135317x']
2026-01-22 12:56:24 INFO        | Best-matching entry: {'technology': '40nm', 'global_cycle_seconds': '1e-9', 'width|datawidth': '32', 'energy(pJ)': '0.02947', 'area(um^2)': '71', 'action': 'compare', 'name': 'aladdin_comparator', 'n_instances': 1}
2026-01-22 12:56:24 INFO        | Scaling global_cycle_seconds from 1e-9 to 1e-09
2026-01-22 12:56:24 INFO        | Scaling technology from 40nm to 28nm
2026-01-22 12:56:24 INFO        | Scaled aladdin_comparator.global_cycle_seconds from 1e-09 to 1e-09: 1x energy
2026-01-22 12:56:24 INFO        | Scaled aladdin_comparator.technology from 40.0 to 28.0: 0.46453878996135317x energy
2026-01-22 12:56:24 INFO        | aladdin_comparator energy has been scaled 0.46453878996135317x
2026-01-22 12:56:24 INFO        
2026-01-22 12:56:24 INFO        ENERGY ESTIMATION for intadder(n_bits=9, precision=9, global_cycle_seconds=1e-09, action_latency_cycles=1, cycle_seconds=1e-09, technology=28nm, n_instances=1).add(global_cycle_seconds=1e-09, action_latency_cycles=1, cycle_seconds=1e-09, technology=28nm, n_instances=1)
2026-01-22 12:56:24 INFO        Neurosim Plug-In estimated 0.014851649599999999p with accuracy 70%. Messages:
2026-01-22 12:56:24 INFO        | WARN: Non-numeric 28nm for parameter technology. Using 28 instead.
2026-01-22 12:56:24 INFO        
2026-01-22 12:56:24 INFO        ENERGY ESTIMATION for aladdin_register(global_cycle_seconds=1e-09, action_latency_cycles=1, cycle_seconds=1e-09, technology=28nm, n_instances=1).leak(global_cycle_seconds=1e-09, action_latency_cycles=1, cycle_seconds=1e-09, technology=28nm, n_instances=1)
2026-01-22 12:56:24 INFO        Library estimated 0.0p with accuracy 90%. Messages:
2026-01-22 12:56:24 INFO        | Found 1 entries for aladdin_register.leak.
2026-01-22 12:56:24 INFO        | Checking entry "{'technology': '40nm', 'global_cycle_seconds': '1e-9', 'width|datawidth': '1', 'dynamic energy(pJ)': '0', 'area(um^2)': '5.98E+00', 'action': 'leak', 'name': 'aladdin_register', 'n_instances': 1}
2026-01-22 12:56:24 INFO        | value=0.0, matching_attrs=2, log=['Scaling global_cycle_seconds from 1e-9 to 1e-09', 'Scaling technology from 40nm to 28nm', 'Scaled aladdin_register.global_cycle_seconds from 1e-09 to 1e-09: 1.0x leak', 'Scaled aladdin_register.technology from 40.0 to 28.0: 0.46453878996135317x leak', 'aladdin_register leak has been scaled 0.46453878996135317x']
2026-01-22 12:56:24 INFO        | Best-matching entry: {'technology': '40nm', 'global_cycle_seconds': '1e-9', 'width|datawidth': '1', 'dynamic energy(pJ)': '0', 'area(um^2)': '5.98E+00', 'action': 'leak', 'name': 'aladdin_register', 'n_instances': 1}
2026-01-22 12:56:24 INFO        | Scaling global_cycle_seconds from 1e-9 to 1e-09
2026-01-22 12:56:24 INFO        | Scaling technology from 40nm to 28nm
2026-01-22 12:56:24 INFO        | Scaled aladdin_register.global_cycle_seconds from 1e-09 to 1e-09: 1.0x leak
2026-01-22 12:56:24 INFO        | Scaled aladdin_register.technology from 40.0 to 28.0: 0.46453878996135317x leak
2026-01-22 12:56:24 INFO        | aladdin_register leak has been scaled 0.46453878996135317x
2026-01-22 12:56:24 INFO        | Multiplying by n_instances 1
2026-01-22 12:56:24 INFO        
2026-01-22 12:56:24 INFO        ENERGY ESTIMATION for aladdin_comparator(n_bits=9, global_cycle_seconds=1e-09, action_latency_cycles=1, cycle_seconds=1e-09, technology=28nm, n_instances=1).leak(global_cycle_seconds=1e-09, action_latency_cycles=1, cycle_seconds=1e-09, technology=28nm, n_instances=1)
2026-01-22 12:56:24 INFO        Library estimated 1.1659923628029964e-05p with accuracy 90%. Messages:
2026-01-22 12:56:24 INFO        | Found 1 entries for aladdin_comparator.leak.
2026-01-22 12:56:24 INFO        | Checking entry "{'technology': '40nm', 'global_cycle_seconds': '1e-9', 'width|datawidth': '32', 'energy(pJ)': '2.51E-05', 'area(um^2)': '71', 'action': 'leak', 'name': 'aladdin_comparator', 'n_instances': 1}
2026-01-22 12:56:24 INFO        | value=2.51e-05, matching_attrs=2, log=['Scaling global_cycle_seconds from 1e-9 to 1e-09', 'Scaling technology from 40nm to 28nm', 'Scaled aladdin_comparator.global_cycle_seconds from 1e-09 to 1e-09: 1.0x leak', 'Scaled aladdin_comparator.technology from 40.0 to 28.0: 0.46453878996135317x leak', 'aladdin_comparator leak has been scaled 0.46453878996135317x']
2026-01-22 12:56:24 INFO        | Best-matching entry: {'technology': '40nm', 'global_cycle_seconds': '1e-9', 'width|datawidth': '32', 'energy(pJ)': '2.51E-05', 'area(um^2)': '71', 'action': 'leak', 'name': 'aladdin_comparator', 'n_instances': 1}
2026-01-22 12:56:24 INFO        | Scaling global_cycle_seconds from 1e-9 to 1e-09
2026-01-22 12:56:24 INFO        | Scaling technology from 40nm to 28nm
2026-01-22 12:56:24 INFO        | Scaled aladdin_comparator.global_cycle_seconds from 1e-09 to 1e-09: 1.0x leak
2026-01-22 12:56:24 INFO        | Scaled aladdin_comparator.technology from 40.0 to 28.0: 0.46453878996135317x leak
2026-01-22 12:56:24 INFO        | aladdin_comparator leak has been scaled 0.46453878996135317x
2026-01-22 12:56:24 INFO        | Multiplying by n_instances 1
2026-01-22 12:56:24 INFO        
2026-01-22 12:56:24 INFO        ENERGY ESTIMATION for intadder(n_bits=9, precision=9, global_cycle_seconds=1e-09, action_latency_cycles=1, cycle_seconds=1e-09, technology=28nm, n_instances=1).leak(global_cycle_seconds=1e-09, action_latency_cycles=1, cycle_seconds=1e-09, technology=28nm, n_instances=1)
2026-01-22 12:56:24 INFO        Neurosim Plug-In estimated 1.6881900000000003e-06p with accuracy 70%. Messages:
2026-01-22 12:56:24 INFO        | WARN: Non-numeric 28nm for parameter technology. Using 28 instead.
2026-01-22 12:56:24 INFO        | Multiplying by n_instances 1
2026-01-22 12:56:24 INFO        
2026-01-22 12:56:24 INFO        ENERGY ESTIMATION for aladdin_register(global_cycle_seconds=1e-09, action_latency_cycles=1, cycle_seconds=1e-09, technology=28nm, n_instances=1).write(global_cycle_seconds=1e-09, action_latency_cycles=1, cycle_seconds=1e-09, technology=28nm, n_instances=1)
2026-01-22 12:56:24 INFO        Library estimated 0.0p with accuracy 90%. Messages:
2026-01-22 12:56:24 INFO        | Found 1 entries for aladdin_register.write.
2026-01-22 12:56:24 INFO        | Checking entry "{'technology': '40nm', 'global_cycle_seconds': '1e-9', 'width|datawidth': '1', 'dynamic energy(pJ)': '0', 'area(um^2)': '5.98E+00', 'action': 'write', 'name': 'aladdin_register', 'n_instances': 1}
2026-01-22 12:56:24 INFO        | value=0.0, matching_attrs=2, log=['Scaling global_cycle_seconds from 1e-9 to 1e-09', 'Scaling technology from 40nm to 28nm', 'Scaled aladdin_register.global_cycle_seconds from 1e-09 to 1e-09: 1x energy', 'Scaled aladdin_register.technology from 40.0 to 28.0: 0.46453878996135317x energy', 'aladdin_register energy has been scaled 0.46453878996135317x']
2026-01-22 12:56:24 INFO        | Best-matching entry: {'technology': '40nm', 'global_cycle_seconds': '1e-9', 'width|datawidth': '1', 'dynamic energy(pJ)': '0', 'area(um^2)': '5.98E+00', 'action': 'write', 'name': 'aladdin_register', 'n_instances': 1}
2026-01-22 12:56:24 INFO        | Scaling global_cycle_seconds from 1e-9 to 1e-09
2026-01-22 12:56:24 INFO        | Scaling technology from 40nm to 28nm
2026-01-22 12:56:24 INFO        | Scaled aladdin_register.global_cycle_seconds from 1e-09 to 1e-09: 1x energy
2026-01-22 12:56:24 INFO        | Scaled aladdin_register.technology from 40.0 to 28.0: 0.46453878996135317x energy
2026-01-22 12:56:24 INFO        | aladdin_register energy has been scaled 0.46453878996135317x
2026-01-22 12:56:24 INFO        
2026-01-22 12:56:24 INFO        ENERGY ESTIMATION for aladdin_comparator(n_bits=9, global_cycle_seconds=1e-09, action_latency_cycles=1, cycle_seconds=1e-09, technology=28nm, n_instances=1).compare(global_cycle_seconds=1e-09, action_latency_cycles=1, cycle_seconds=1e-09, technology=28nm, n_instances=1)
2026-01-22 12:56:24 INFO        Library estimated 0.013689958140161078p with accuracy 90%. Messages:
2026-01-22 12:56:24 INFO        | Found 1 entries for aladdin_comparator.compare.
2026-01-22 12:56:24 INFO        | Checking entry "{'technology': '40nm', 'global_cycle_seconds': '1e-9', 'width|datawidth': '32', 'energy(pJ)': '0.02947', 'area(um^2)': '71', 'action': 'compare', 'name': 'aladdin_comparator', 'n_instances': 1}
2026-01-22 12:56:24 INFO        | value=0.02947, matching_attrs=2, log=['Scaling global_cycle_seconds from 1e-9 to 1e-09', 'Scaling technology from 40nm to 28nm', 'Scaled aladdin_comparator.global_cycle_seconds from 1e-09 to 1e-09: 1x energy', 'Scaled aladdin_comparator.technology from 40.0 to 28.0: 0.46453878996135317x energy', 'aladdin_comparator energy has been scaled 0.46453878996135317x']
2026-01-22 12:56:24 INFO        | Best-matching entry: {'technology': '40nm', 'global_cycle_seconds': '1e-9', 'width|datawidth': '32', 'energy(pJ)': '0.02947', 'area(um^2)': '71', 'action': 'compare', 'name': 'aladdin_comparator', 'n_instances': 1}
2026-01-22 12:56:24 INFO        | Scaling global_cycle_seconds from 1e-9 to 1e-09
2026-01-22 12:56:24 INFO        | Scaling technology from 40nm to 28nm
2026-01-22 12:56:24 INFO        | Scaled aladdin_comparator.global_cycle_seconds from 1e-09 to 1e-09: 1x energy
2026-01-22 12:56:24 INFO        | Scaled aladdin_comparator.technology from 40.0 to 28.0: 0.46453878996135317x energy
2026-01-22 12:56:24 INFO        | aladdin_comparator energy has been scaled 0.46453878996135317x
2026-01-22 12:56:24 INFO        
2026-01-22 12:56:24 INFO        ENERGY ESTIMATION for intadder(n_bits=9, precision=9, global_cycle_seconds=1e-09, action_latency_cycles=1, cycle_seconds=1e-09, technology=28nm, n_instances=1).add(global_cycle_seconds=1e-09, action_latency_cycles=1, cycle_seconds=1e-09, technology=28nm, n_instances=1)
2026-01-22 12:56:24 INFO        Neurosim Plug-In estimated 0.014851649599999999p with accuracy 70%. Messages:
2026-01-22 12:56:24 INFO        | WARN: Non-numeric 28nm for parameter technology. Using 28 instead.
2026-01-22 12:56:24 INFO        
2026-01-22 12:56:24 INFO        ENERGY ESTIMATION for aladdin_adder(width=32, global_cycle_seconds=1e-09, action_latency_cycles=1, cycle_seconds=1e-09, technology=28nm, n_instances=1).read(global_cycle_seconds=1e-09, action_latency_cycles=1, cycle_seconds=1e-09, technology=28nm, n_instances=1)
2026-01-22 12:56:24 INFO        Library estimated 0.09755314589188416p with accuracy 90%. Messages:
2026-01-22 12:56:24 INFO        | Found 1 entries for aladdin_adder.read.
2026-01-22 12:56:24 INFO        | Checking entry "{'technology': '40nm', 'global_cycle_seconds': '1e-9', 'width|datawidth': '32', 'energy': '0.21', 'area': '2.78E+02', 'action': 'read', 'name': 'aladdin_adder', 'n_instances': 1}
2026-01-22 12:56:24 INFO        | value=0.21, matching_attrs=3, log=['Scaling global_cycle_seconds from 1e-9 to 1e-09', 'Scaling technology from 40nm to 28nm', 'Scaled aladdin_adder.global_cycle_seconds from 1e-09 to 1e-09: 1x energy', 'Scaled aladdin_adder.technology from 40.0 to 28.0: 0.46453878996135317x energy', 'aladdin_adder energy has been scaled 0.46453878996135317x']
2026-01-22 12:56:24 INFO        | Best-matching entry: {'technology': '40nm', 'global_cycle_seconds': '1e-9', 'width|datawidth': '32', 'energy': '0.21', 'area': '2.78E+02', 'action': 'read', 'name': 'aladdin_adder', 'n_instances': 1}
2026-01-22 12:56:24 INFO        | Scaling global_cycle_seconds from 1e-9 to 1e-09
2026-01-22 12:56:24 INFO        | Scaling technology from 40nm to 28nm
2026-01-22 12:56:24 INFO        | Scaled aladdin_adder.global_cycle_seconds from 1e-09 to 1e-09: 1x energy
2026-01-22 12:56:24 INFO        | Scaled aladdin_adder.technology from 40.0 to 28.0: 0.46453878996135317x energy
2026-01-22 12:56:24 INFO        | aladdin_adder energy has been scaled 0.46453878996135317x
2026-01-22 12:56:24 INFO        
2026-01-22 12:56:24 INFO        ENERGY ESTIMATION for aladdin_adder(width_a=16, width_b=16, global_cycle_seconds=1e-09, action_latency_cycles=1, cycle_seconds=1e-09, technology=28nm, n_instances=1).read(global_cycle_seconds=1e-09, action_latency_cycles=1, cycle_seconds=1e-09, technology=28nm, n_instances=1)
2026-01-22 12:56:24 INFO        Library estimated 0.09755314589188416p with accuracy 90%. Messages:
2026-01-22 12:56:24 INFO        | Found 1 entries for aladdin_adder.read.
2026-01-22 12:56:24 INFO        | Checking entry "{'technology': '40nm', 'global_cycle_seconds': '1e-9', 'width|datawidth': '32', 'energy': '0.21', 'area': '2.78E+02', 'action': 'read', 'name': 'aladdin_adder', 'n_instances': 1}
2026-01-22 12:56:24 INFO        | value=0.21, matching_attrs=2, log=['Scaling global_cycle_seconds from 1e-9 to 1e-09', 'Scaling technology from 40nm to 28nm', 'Scaled aladdin_adder.global_cycle_seconds from 1e-09 to 1e-09: 1x energy', 'Scaled aladdin_adder.technology from 40.0 to 28.0: 0.46453878996135317x energy', 'aladdin_adder energy has been scaled 0.46453878996135317x']
2026-01-22 12:56:24 INFO        | Best-matching entry: {'technology': '40nm', 'global_cycle_seconds': '1e-9', 'width|datawidth': '32', 'energy': '0.21', 'area': '2.78E+02', 'action': 'read', 'name': 'aladdin_adder', 'n_instances': 1}
2026-01-22 12:56:24 INFO        | Scaling global_cycle_seconds from 1e-9 to 1e-09
2026-01-22 12:56:24 INFO        | Scaling technology from 40nm to 28nm
2026-01-22 12:56:24 INFO        | Scaled aladdin_adder.global_cycle_seconds from 1e-09 to 1e-09: 1x energy
2026-01-22 12:56:24 INFO        | Scaled aladdin_adder.technology from 40.0 to 28.0: 0.46453878996135317x energy
2026-01-22 12:56:24 INFO        | aladdin_adder energy has been scaled 0.46453878996135317x
2026-01-22 12:56:24 INFO        
2026-01-22 12:56:24 INFO        ENERGY ESTIMATION for aladdin_adder(width=32, global_cycle_seconds=1e-09, action_latency_cycles=1, cycle_seconds=1e-09, technology=28nm, n_instances=1).leak(global_cycle_seconds=1e-09, action_latency_cycles=1, cycle_seconds=1e-09, technology=28nm, n_instances=1)
2026-01-22 12:56:24 INFO        Library estimated 0.0011148930959072475p with accuracy 90%. Messages:
2026-01-22 12:56:24 INFO        | Found 1 entries for aladdin_adder.leak.
2026-01-22 12:56:24 INFO        | Checking entry "{'technology': '40nm', 'global_cycle_seconds': '1e-9', 'width|datawidth': '32', 'energy': '0.0024', 'area': '2.78E+02', 'action': 'leak', 'name': 'aladdin_adder', 'n_instances': 1}
2026-01-22 12:56:24 INFO        | value=0.0024, matching_attrs=3, log=['Scaling global_cycle_seconds from 1e-9 to 1e-09', 'Scaling technology from 40nm to 28nm', 'Scaled aladdin_adder.global_cycle_seconds from 1e-09 to 1e-09: 1.0x leak', 'Scaled aladdin_adder.technology from 40.0 to 28.0: 0.46453878996135317x leak', 'aladdin_adder leak has been scaled 0.46453878996135317x']
2026-01-22 12:56:24 INFO        | Best-matching entry: {'technology': '40nm', 'global_cycle_seconds': '1e-9', 'width|datawidth': '32', 'energy': '0.0024', 'area': '2.78E+02', 'action': 'leak', 'name': 'aladdin_adder', 'n_instances': 1}
2026-01-22 12:56:24 INFO        | Scaling global_cycle_seconds from 1e-9 to 1e-09
2026-01-22 12:56:24 INFO        | Scaling technology from 40nm to 28nm
2026-01-22 12:56:24 INFO        | Scaled aladdin_adder.global_cycle_seconds from 1e-09 to 1e-09: 1.0x leak
2026-01-22 12:56:24 INFO        | Scaled aladdin_adder.technology from 40.0 to 28.0: 0.46453878996135317x leak
2026-01-22 12:56:24 INFO        | aladdin_adder leak has been scaled 0.46453878996135317x
2026-01-22 12:56:24 INFO        | Multiplying by n_instances 1
2026-01-22 12:56:24 INFO        
2026-01-22 12:56:24 INFO        ENERGY ESTIMATION for aladdin_adder(width_a=16, width_b=16, global_cycle_seconds=1e-09, action_latency_cycles=1, cycle_seconds=1e-09, technology=28nm, n_instances=1).leak(global_cycle_seconds=1e-09, action_latency_cycles=1, cycle_seconds=1e-09, technology=28nm, n_instances=1)
2026-01-22 12:56:24 INFO        Library estimated 0.0011148930959072475p with accuracy 90%. Messages:
2026-01-22 12:56:24 INFO        | Found 1 entries for aladdin_adder.leak.
2026-01-22 12:56:24 INFO        | Checking entry "{'technology': '40nm', 'global_cycle_seconds': '1e-9', 'width|datawidth': '32', 'energy': '0.0024', 'area': '2.78E+02', 'action': 'leak', 'name': 'aladdin_adder', 'n_instances': 1}
2026-01-22 12:56:24 INFO        | value=0.0024, matching_attrs=2, log=['Scaling global_cycle_seconds from 1e-9 to 1e-09', 'Scaling technology from 40nm to 28nm', 'Scaled aladdin_adder.global_cycle_seconds from 1e-09 to 1e-09: 1.0x leak', 'Scaled aladdin_adder.technology from 40.0 to 28.0: 0.46453878996135317x leak', 'aladdin_adder leak has been scaled 0.46453878996135317x']
2026-01-22 12:56:24 INFO        | Best-matching entry: {'technology': '40nm', 'global_cycle_seconds': '1e-9', 'width|datawidth': '32', 'energy': '0.0024', 'area': '2.78E+02', 'action': 'leak', 'name': 'aladdin_adder', 'n_instances': 1}
2026-01-22 12:56:24 INFO        | Scaling global_cycle_seconds from 1e-9 to 1e-09
2026-01-22 12:56:24 INFO        | Scaling technology from 40nm to 28nm
2026-01-22 12:56:24 INFO        | Scaled aladdin_adder.global_cycle_seconds from 1e-09 to 1e-09: 1.0x leak
2026-01-22 12:56:24 INFO        | Scaled aladdin_adder.technology from 40.0 to 28.0: 0.46453878996135317x leak
2026-01-22 12:56:24 INFO        | aladdin_adder leak has been scaled 0.46453878996135317x
2026-01-22 12:56:24 INFO        | Multiplying by n_instances 1
2026-01-22 12:56:24 WARNING     No action counts are specified as yaml input
2026-01-22 12:56:24 INFO        
2026-01-22 12:56:24 INFO        AREA ESTIMATION for DRAM(type=LPDDR4, width=64, datawidth=64, has_power_gating=False, n_banks=2, cluster_size=1, reduction_supported=True, multiple_buffering=1, min_utilization=0, allow_overbooking=False, meshX=1, meshY=1, technology=28nm, global_cycle_seconds=1e-09, version=0.4, action_latency_cycles=1, cycle_seconds=1e-09, n_instances=1)
2026-01-22 12:56:24 INFO        CactiDRAM estimated 0 with accuracy 80%. Messages:
2026-01-22 12:56:24 INFO        | Unused arguments (datawidth, has_power_gating, n_banks, cluster_size, reduction_supported, multiple_buffering, min_utilization, allow_overbooking, meshX, meshY, technology, global_cycle_seconds, version, action_latency_cycles, cycle_seconds, n_instances) provided for ['DRAM', 'dram'].__init__. Arguments used: (type, width)
2026-01-22 12:56:24 INFO        | Multiplying by n_instances 1
2026-01-22 12:56:24 INFO        
2026-01-22 12:56:24 INFO        AREA ESTIMATION for dummy_storage(width=1, depth=1, datawidth=1, technology=-1, has_power_gating=False, n_banks=2, cluster_size=1, reduction_supported=True, multiple_buffering=1, min_utilization=0, allow_overbooking=False, meshX=1, meshY=1, global_cycle_seconds=1e-09, latency=0, version=0.4, action_latency_cycles=1, cycle_seconds=1e-09, n_instances=1)
2026-01-22 12:56:24 INFO        dummy estimated 1u^2 with accuracy 100%. Messages:
2026-01-22 12:56:24 INFO        | Multiplying by n_instances 1
2026-01-22 12:56:24 INFO        
2026-01-22 12:56:24 INFO        AREA ESTIMATION for dummy_storage(width=1, depth=1, datawidth=1, technology=-1, has_power_gating=False, n_banks=2, cluster_size=1, reduction_supported=True, multiple_buffering=1, min_utilization=0, allow_overbooking=False, meshX=20, meshY=1, global_cycle_seconds=1e-09, latency=0, version=0.4, action_latency_cycles=1, cycle_seconds=1e-09, n_instances=1)
2026-01-22 12:56:24 INFO        dummy estimated 1u^2 with accuracy 100%. Messages:
2026-01-22 12:56:24 INFO        | Multiplying by n_instances 1
2026-01-22 12:56:24 INFO        
2026-01-22 12:56:24 INFO        AREA ESTIMATION for SRAM(width=64, depth=4096, n_rdwr_ports=1, global_cycle_seconds=1e-09, action_latency_cycles=1, cycle_seconds=1e-09, technology=28nm, n_instances=1)
2026-01-22 12:56:25 INFO        CactiSRAM estimated 4.4640639999999994e-08 with accuracy 80%. Messages:
2026-01-22 12:56:25 INFO        | Unused arguments (n_rdwr_ports, global_cycle_seconds, action_latency_cycles, cycle_seconds, n_instances) provided for ['SRAM', 'sram'].__init__. Arguments used: (width, depth, technology)
2026-01-22 12:56:25 INFO        | Interpolating technology between 22 and 32.
2026-01-22 12:56:25 INFO        | Calling CACTI with cache_size=32768 n_rw_ports=1 block_size=8 tech_node_um=0.022 n_banks=1 tag_size=0 associativity=1
2026-01-22 12:56:25 INFO        | Calling CACTI with input path /home/yangzifeng/.local/share/accelergy/estimation_plug_ins/accelergy-cacti-plug-in/cacti_inputs_outputs/tmpgj5dwvqv
2026-01-22 12:56:25 INFO        | CACTI output will be written to /home/yangzifeng/.local/share/accelergy/estimation_plug_ins/accelergy-cacti-plug-in/cacti_inputs_outputs/tmpjaw19_4q
2026-01-22 12:56:25 INFO        | CACTI executable not found at /home/yangzifeng/.local/share/accelergy/estimation_plug_ins/accelergy-cacti-plug-in/cacti/cacti
2026-01-22 12:56:25 INFO        | Calling: cd /home/yangzifeng/.local/share/accelergy/estimation_plug_ins/accelergy-cacti-plug-in ; ./cacti -infile /home/yangzifeng/.local/share/accelergy/estimation_plug_ins/accelergy-cacti-plug-in/cacti_inputs_outputs/tmpgj5dwvqv >> /home/yangzifeng/.local/share/accelergy/estimation_plug_ins/accelergy-cacti-plug-in/cacti_inputs_outputs/tmpjaw19_4q 2>&1
2026-01-22 12:56:25 INFO        | Calling CACTI with cache_size=32768 n_rw_ports=1 block_size=8 tech_node_um=0.032 n_banks=1 tag_size=0 associativity=1
2026-01-22 12:56:25 INFO        | Calling CACTI with input path /home/yangzifeng/.local/share/accelergy/estimation_plug_ins/accelergy-cacti-plug-in/cacti_inputs_outputs/tmpj0vvk4se
2026-01-22 12:56:25 INFO        | CACTI output will be written to /home/yangzifeng/.local/share/accelergy/estimation_plug_ins/accelergy-cacti-plug-in/cacti_inputs_outputs/tmpgn4860bk
2026-01-22 12:56:25 INFO        | CACTI executable not found at /home/yangzifeng/.local/share/accelergy/estimation_plug_ins/accelergy-cacti-plug-in/cacti/cacti
2026-01-22 12:56:25 INFO        | Calling: cd /home/yangzifeng/.local/share/accelergy/estimation_plug_ins/accelergy-cacti-plug-in ; ./cacti -infile /home/yangzifeng/.local/share/accelergy/estimation_plug_ins/accelergy-cacti-plug-in/cacti_inputs_outputs/tmpj0vvk4se >> /home/yangzifeng/.local/share/accelergy/estimation_plug_ins/accelergy-cacti-plug-in/cacti_inputs_outputs/tmpgn4860bk 2>&1
2026-01-22 12:56:25 INFO        | Cache bandwidth: 8.0 bytes/cycle
2026-01-22 12:56:25 INFO        | Cache bandwidth: 82873729442.13548 bits/second
2026-01-22 12:56:25 INFO        | Multiplying by n_instances 1
2026-01-22 12:56:25 INFO        
2026-01-22 12:56:25 INFO        AREA ESTIMATION for intadder(n_bits=12, precision=12, global_cycle_seconds=1e-09, action_latency_cycles=1, cycle_seconds=1e-09, technology=28nm, n_instances=1)
2026-01-22 12:56:25 INFO        Neurosim Plug-In estimated 27.854669999999995u^2 with accuracy 70%. Messages:
2026-01-22 12:56:25 INFO        | WARN: Non-numeric 28nm for parameter technology. Using 28 instead.
2026-01-22 12:56:25 INFO        | Multiplying by n_instances 1
2026-01-22 12:56:25 INFO        
2026-01-22 12:56:25 INFO        AREA ESTIMATION for aladdin_register(global_cycle_seconds=1e-09, action_latency_cycles=1, cycle_seconds=1e-09, technology=28nm, n_instances=1)
2026-01-22 12:56:25 INFO        Library estimated 3.0298666666666665u^2 with accuracy 90%. Messages:
2026-01-22 12:56:25 INFO        | Found 4 entries for aladdin_register.
2026-01-22 12:56:25 INFO        | Checking entry "{'technology': '40nm', 'global_cycle_seconds': '1e-9', 'width|datawidth': '1', 'dynamic energy(pJ)': '0.009', 'area(um^2)': '5.98E+00', 'action': 'read', 'name': 'aladdin_register', 'n_instances': 1}
2026-01-22 12:56:25 INFO        | value=5.98, matching_attrs=2, log=['Scaling global_cycle_seconds from 1e-9 to 1e-09', 'Scaling technology from 40nm to 28nm', 'Scaled aladdin_register.global_cycle_seconds from 1e-09 to 1e-09: 1x area', 'Scaled aladdin_register.technology from 40.0 to 28.0: 0.5066666666666666x area', 'aladdin_register area has been scaled 0.5066666666666666x']
2026-01-22 12:56:25 INFO        | Checking entry "{'technology': '40nm', 'global_cycle_seconds': '1e-9', 'width|datawidth': '1', 'dynamic energy(pJ)': '0', 'area(um^2)': '5.98E+00', 'action': 'write', 'name': 'aladdin_register', 'n_instances': 1}
2026-01-22 12:56:25 INFO        | value=5.98, matching_attrs=2, log=['Scaling global_cycle_seconds from 1e-9 to 1e-09', 'Scaling technology from 40nm to 28nm', 'Scaled aladdin_register.global_cycle_seconds from 1e-09 to 1e-09: 1x area', 'Scaled aladdin_register.technology from 40.0 to 28.0: 0.5066666666666666x area', 'aladdin_register area has been scaled 0.5066666666666666x']
2026-01-22 12:56:25 INFO        | Checking entry "{'technology': '40nm', 'global_cycle_seconds': '1e-9', 'width|datawidth': '1', 'dynamic energy(pJ)': '0', 'area(um^2)': '5.98E+00', 'action': 'leak', 'name': 'aladdin_register', 'n_instances': 1}
2026-01-22 12:56:25 INFO        | value=5.98, matching_attrs=2, log=['Scaling global_cycle_seconds from 1e-9 to 1e-09', 'Scaling technology from 40nm to 28nm', 'Scaled aladdin_register.global_cycle_seconds from 1e-09 to 1e-09: 1x area', 'Scaled aladdin_register.technology from 40.0 to 28.0: 0.5066666666666666x area', 'aladdin_register area has been scaled 0.5066666666666666x']
2026-01-22 12:56:25 INFO        | Checking entry "{'technology': '40nm', 'global_cycle_seconds': '1e-9', 'width|datawidth': '1', 'dynamic energy(pJ)': '0', 'area(um^2)': '5.98E+00', 'action': 'update', 'name': 'aladdin_register', 'n_instances': 1}
2026-01-22 12:56:25 INFO        | value=5.98, matching_attrs=2, log=['Scaling global_cycle_seconds from 1e-9 to 1e-09', 'Scaling technology from 40nm to 28nm', 'Scaled aladdin_register.global_cycle_seconds from 1e-09 to 1e-09: 1x area', 'Scaled aladdin_register.technology from 40.0 to 28.0: 0.5066666666666666x area', 'aladdin_register area has been scaled 0.5066666666666666x']
2026-01-22 12:56:25 INFO        | Best-matching entry: {'technology': '40nm', 'global_cycle_seconds': '1e-9', 'width|datawidth': '1', 'dynamic energy(pJ)': '0.009', 'area(um^2)': '5.98E+00', 'action': 'read', 'name': 'aladdin_register', 'n_instances': 1}
2026-01-22 12:56:25 INFO        | Scaling global_cycle_seconds from 1e-9 to 1e-09
2026-01-22 12:56:25 INFO        | Scaling technology from 40nm to 28nm
2026-01-22 12:56:25 INFO        | Scaled aladdin_register.global_cycle_seconds from 1e-09 to 1e-09: 1x area
2026-01-22 12:56:25 INFO        | Scaled aladdin_register.technology from 40.0 to 28.0: 0.5066666666666666x area
2026-01-22 12:56:25 INFO        | aladdin_register area has been scaled 0.5066666666666666x
2026-01-22 12:56:25 INFO        | Multiplying by n_instances 1
2026-01-22 12:56:25 INFO        
2026-01-22 12:56:25 INFO        AREA ESTIMATION for aladdin_comparator(n_bits=9, global_cycle_seconds=1e-09, action_latency_cycles=1, cycle_seconds=1e-09, technology=28nm, n_instances=1)
2026-01-22 12:56:25 INFO        Library estimated 35.97333333333333u^2 with accuracy 90%. Messages:
2026-01-22 12:56:25 INFO        | Found 5 entries for aladdin_comparator.
2026-01-22 12:56:25 INFO        | Checking entry "{'technology': '40nm', 'global_cycle_seconds': '1e-9', 'width|datawidth': '32', 'energy(pJ)': '0.02947', 'area(um^2)': '71', 'action': 'compare', 'name': 'aladdin_comparator', 'n_instances': 1}
2026-01-22 12:56:25 INFO        | value=71.0, matching_attrs=2, log=['Scaling global_cycle_seconds from 1e-9 to 1e-09', 'Scaling technology from 40nm to 28nm', 'Scaled aladdin_comparator.global_cycle_seconds from 1e-09 to 1e-09: 1x area', 'Scaled aladdin_comparator.technology from 40.0 to 28.0: 0.5066666666666666x area', 'aladdin_comparator area has been scaled 0.5066666666666666x']
2026-01-22 12:56:25 INFO        | Checking entry "{'technology': '40nm', 'global_cycle_seconds': '1e-9', 'width|datawidth': '32', 'energy(pJ)': '0.02947', 'area(um^2)': '71', 'action': 'read', 'name': 'aladdin_comparator', 'n_instances': 1}
2026-01-22 12:56:25 INFO        | value=71.0, matching_attrs=2, log=['Scaling global_cycle_seconds from 1e-9 to 1e-09', 'Scaling technology from 40nm to 28nm', 'Scaled aladdin_comparator.global_cycle_seconds from 1e-09 to 1e-09: 1x area', 'Scaled aladdin_comparator.technology from 40.0 to 28.0: 0.5066666666666666x area', 'aladdin_comparator area has been scaled 0.5066666666666666x']
2026-01-22 12:56:25 INFO        | Checking entry "{'technology': '40nm', 'global_cycle_seconds': '1e-9', 'width|datawidth': '32', 'energy(pJ)': '2.51E-05', 'area(um^2)': '71', 'action': 'leak', 'name': 'aladdin_comparator', 'n_instances': 1}
2026-01-22 12:56:25 INFO        | value=71.0, matching_attrs=2, log=['Scaling global_cycle_seconds from 1e-9 to 1e-09', 'Scaling technology from 40nm to 28nm', 'Scaled aladdin_comparator.global_cycle_seconds from 1e-09 to 1e-09: 1x area', 'Scaled aladdin_comparator.technology from 40.0 to 28.0: 0.5066666666666666x area', 'aladdin_comparator area has been scaled 0.5066666666666666x']
2026-01-22 12:56:25 INFO        | Checking entry "{'technology': '40nm', 'global_cycle_seconds': '1e-9', 'width|datawidth': '32', 'energy(pJ)': '0', 'area(um^2)': '71', 'action': 'update', 'name': 'aladdin_comparator', 'n_instances': 1}
2026-01-22 12:56:25 INFO        | value=71.0, matching_attrs=2, log=['Scaling global_cycle_seconds from 1e-9 to 1e-09', 'Scaling technology from 40nm to 28nm', 'Scaled aladdin_comparator.global_cycle_seconds from 1e-09 to 1e-09: 1x area', 'Scaled aladdin_comparator.technology from 40.0 to 28.0: 0.5066666666666666x area', 'aladdin_comparator area has been scaled 0.5066666666666666x']
2026-01-22 12:56:25 INFO        | Checking entry "{'technology': '40nm', 'global_cycle_seconds': '1e-9', 'width|datawidth': '32', 'energy(pJ)': '0', 'area(um^2)': '71', 'action': 'write', 'name': 'aladdin_comparator', 'n_instances': 1}
2026-01-22 12:56:25 INFO        | value=71.0, matching_attrs=2, log=['Scaling global_cycle_seconds from 1e-9 to 1e-09', 'Scaling technology from 40nm to 28nm', 'Scaled aladdin_comparator.global_cycle_seconds from 1e-09 to 1e-09: 1x area', 'Scaled aladdin_comparator.technology from 40.0 to 28.0: 0.5066666666666666x area', 'aladdin_comparator area has been scaled 0.5066666666666666x']
2026-01-22 12:56:25 INFO        | Best-matching entry: {'technology': '40nm', 'global_cycle_seconds': '1e-9', 'width|datawidth': '32', 'energy(pJ)': '0.02947', 'area(um^2)': '71', 'action': 'compare', 'name': 'aladdin_comparator', 'n_instances': 1}
2026-01-22 12:56:25 INFO        | Scaling global_cycle_seconds from 1e-9 to 1e-09
2026-01-22 12:56:25 INFO        | Scaling technology from 40nm to 28nm
2026-01-22 12:56:25 INFO        | Scaled aladdin_comparator.global_cycle_seconds from 1e-09 to 1e-09: 1x area
2026-01-22 12:56:25 INFO        | Scaled aladdin_comparator.technology from 40.0 to 28.0: 0.5066666666666666x area
2026-01-22 12:56:25 INFO        | aladdin_comparator area has been scaled 0.5066666666666666x
2026-01-22 12:56:25 INFO        | Multiplying by n_instances 1
2026-01-22 12:56:25 INFO        
2026-01-22 12:56:25 INFO        AREA ESTIMATION for intadder(n_bits=9, precision=9, global_cycle_seconds=1e-09, action_latency_cycles=1, cycle_seconds=1e-09, technology=28nm, n_instances=1)
2026-01-22 12:56:25 INFO        Neurosim Plug-In estimated 20.891u^2 with accuracy 70%. Messages:
2026-01-22 12:56:25 INFO        | WARN: Non-numeric 28nm for parameter technology. Using 28 instead.
2026-01-22 12:56:25 INFO        | Multiplying by n_instances 1
2026-01-22 12:56:25 INFO        
2026-01-22 12:56:25 INFO        AREA ESTIMATION for aladdin_adder(width=32, global_cycle_seconds=1e-09, action_latency_cycles=1, cycle_seconds=1e-09, technology=28nm, n_instances=1)
2026-01-22 12:56:25 INFO        Library estimated 140.85333333333332u^2 with accuracy 90%. Messages:
2026-01-22 12:56:25 INFO        | Found 5 entries for aladdin_adder.
2026-01-22 12:56:25 INFO        | Checking entry "{'technology': '40nm', 'global_cycle_seconds': '1e-9', 'width|datawidth': '32', 'energy': '0.21', 'area': '2.78E+02', 'action': 'add', 'name': 'aladdin_adder', 'n_instances': 1}
2026-01-22 12:56:25 INFO        | value=278.0, matching_attrs=3, log=['Scaling global_cycle_seconds from 1e-9 to 1e-09', 'Scaling technology from 40nm to 28nm', 'Scaled aladdin_adder.global_cycle_seconds from 1e-09 to 1e-09: 1x area', 'Scaled aladdin_adder.technology from 40.0 to 28.0: 0.5066666666666666x area', 'aladdin_adder area has been scaled 0.5066666666666666x']
2026-01-22 12:56:25 INFO        | Checking entry "{'technology': '40nm', 'global_cycle_seconds': '1e-9', 'width|datawidth': '32', 'energy': '0.21', 'area': '2.78E+02', 'action': 'read', 'name': 'aladdin_adder', 'n_instances': 1}
2026-01-22 12:56:25 INFO        | value=278.0, matching_attrs=3, log=['Scaling global_cycle_seconds from 1e-9 to 1e-09', 'Scaling technology from 40nm to 28nm', 'Scaled aladdin_adder.global_cycle_seconds from 1e-09 to 1e-09: 1x area', 'Scaled aladdin_adder.technology from 40.0 to 28.0: 0.5066666666666666x area', 'aladdin_adder area has been scaled 0.5066666666666666x']
2026-01-22 12:56:25 INFO        | Checking entry "{'technology': '40nm', 'global_cycle_seconds': '1e-9', 'width|datawidth': '32', 'energy': '0.0024', 'area': '2.78E+02', 'action': 'leak', 'name': 'aladdin_adder', 'n_instances': 1}
2026-01-22 12:56:25 INFO        | value=278.0, matching_attrs=3, log=['Scaling global_cycle_seconds from 1e-9 to 1e-09', 'Scaling technology from 40nm to 28nm', 'Scaled aladdin_adder.global_cycle_seconds from 1e-09 to 1e-09: 1x area', 'Scaled aladdin_adder.technology from 40.0 to 28.0: 0.5066666666666666x area', 'aladdin_adder area has been scaled 0.5066666666666666x']
2026-01-22 12:56:25 INFO        | Checking entry "{'technology': '40nm', 'global_cycle_seconds': '1e-9', 'width|datawidth': '32', 'energy': '0', 'area': '2.78E+02', 'action': 'update', 'name': 'aladdin_adder', 'n_instances': 1}
2026-01-22 12:56:25 INFO        | value=278.0, matching_attrs=3, log=['Scaling global_cycle_seconds from 1e-9 to 1e-09', 'Scaling technology from 40nm to 28nm', 'Scaled aladdin_adder.global_cycle_seconds from 1e-09 to 1e-09: 1x area', 'Scaled aladdin_adder.technology from 40.0 to 28.0: 0.5066666666666666x area', 'aladdin_adder area has been scaled 0.5066666666666666x']
2026-01-22 12:56:25 INFO        | Checking entry "{'technology': '40nm', 'global_cycle_seconds': '1e-9', 'width|datawidth': '32', 'energy': '0', 'area': '2.78E+02', 'action': 'write', 'name': 'aladdin_adder', 'n_instances': 1}
2026-01-22 12:56:25 INFO        | value=278.0, matching_attrs=3, log=['Scaling global_cycle_seconds from 1e-9 to 1e-09', 'Scaling technology from 40nm to 28nm', 'Scaled aladdin_adder.global_cycle_seconds from 1e-09 to 1e-09: 1x area', 'Scaled aladdin_adder.technology from 40.0 to 28.0: 0.5066666666666666x area', 'aladdin_adder area has been scaled 0.5066666666666666x']
2026-01-22 12:56:25 INFO        | Best-matching entry: {'technology': '40nm', 'global_cycle_seconds': '1e-9', 'width|datawidth': '32', 'energy': '0.21', 'area': '2.78E+02', 'action': 'add', 'name': 'aladdin_adder', 'n_instances': 1}
2026-01-22 12:56:25 INFO        | Scaling global_cycle_seconds from 1e-9 to 1e-09
2026-01-22 12:56:25 INFO        | Scaling technology from 40nm to 28nm
2026-01-22 12:56:25 INFO        | Scaled aladdin_adder.global_cycle_seconds from 1e-09 to 1e-09: 1x area
2026-01-22 12:56:25 INFO        | Scaled aladdin_adder.technology from 40.0 to 28.0: 0.5066666666666666x area
2026-01-22 12:56:25 INFO        | aladdin_adder area has been scaled 0.5066666666666666x
2026-01-22 12:56:25 INFO        | Multiplying by n_instances 1
2026-01-22 12:56:25 INFO        
2026-01-22 12:56:25 INFO        AREA ESTIMATION for aladdin_adder(width_a=16, width_b=16, global_cycle_seconds=1e-09, action_latency_cycles=1, cycle_seconds=1e-09, technology=28nm, n_instances=1)
2026-01-22 12:56:25 INFO        Library estimated 140.85333333333332u^2 with accuracy 90%. Messages:
2026-01-22 12:56:25 INFO        | Found 5 entries for aladdin_adder.
2026-01-22 12:56:25 INFO        | Checking entry "{'technology': '40nm', 'global_cycle_seconds': '1e-9', 'width|datawidth': '32', 'energy': '0.21', 'area': '2.78E+02', 'action': 'add', 'name': 'aladdin_adder', 'n_instances': 1}
2026-01-22 12:56:25 INFO        | value=278.0, matching_attrs=2, log=['Scaling global_cycle_seconds from 1e-9 to 1e-09', 'Scaling technology from 40nm to 28nm', 'Scaled aladdin_adder.global_cycle_seconds from 1e-09 to 1e-09: 1x area', 'Scaled aladdin_adder.technology from 40.0 to 28.0: 0.5066666666666666x area', 'aladdin_adder area has been scaled 0.5066666666666666x']
2026-01-22 12:56:25 INFO        | Checking entry "{'technology': '40nm', 'global_cycle_seconds': '1e-9', 'width|datawidth': '32', 'energy': '0.21', 'area': '2.78E+02', 'action': 'read', 'name': 'aladdin_adder', 'n_instances': 1}
2026-01-22 12:56:25 INFO        | value=278.0, matching_attrs=2, log=['Scaling global_cycle_seconds from 1e-9 to 1e-09', 'Scaling technology from 40nm to 28nm', 'Scaled aladdin_adder.global_cycle_seconds from 1e-09 to 1e-09: 1x area', 'Scaled aladdin_adder.technology from 40.0 to 28.0: 0.5066666666666666x area', 'aladdin_adder area has been scaled 0.5066666666666666x']
2026-01-22 12:56:25 INFO        | Checking entry "{'technology': '40nm', 'global_cycle_seconds': '1e-9', 'width|datawidth': '32', 'energy': '0.0024', 'area': '2.78E+02', 'action': 'leak', 'name': 'aladdin_adder', 'n_instances': 1}
2026-01-22 12:56:25 INFO        | value=278.0, matching_attrs=2, log=['Scaling global_cycle_seconds from 1e-9 to 1e-09', 'Scaling technology from 40nm to 28nm', 'Scaled aladdin_adder.global_cycle_seconds from 1e-09 to 1e-09: 1x area', 'Scaled aladdin_adder.technology from 40.0 to 28.0: 0.5066666666666666x area', 'aladdin_adder area has been scaled 0.5066666666666666x']
2026-01-22 12:56:25 INFO        | Checking entry "{'technology': '40nm', 'global_cycle_seconds': '1e-9', 'width|datawidth': '32', 'energy': '0', 'area': '2.78E+02', 'action': 'update', 'name': 'aladdin_adder', 'n_instances': 1}
2026-01-22 12:56:25 INFO        | value=278.0, matching_attrs=2, log=['Scaling global_cycle_seconds from 1e-9 to 1e-09', 'Scaling technology from 40nm to 28nm', 'Scaled aladdin_adder.global_cycle_seconds from 1e-09 to 1e-09: 1x area', 'Scaled aladdin_adder.technology from 40.0 to 28.0: 0.5066666666666666x area', 'aladdin_adder area has been scaled 0.5066666666666666x']
2026-01-22 12:56:25 INFO        | Checking entry "{'technology': '40nm', 'global_cycle_seconds': '1e-9', 'width|datawidth': '32', 'energy': '0', 'area': '2.78E+02', 'action': 'write', 'name': 'aladdin_adder', 'n_instances': 1}
2026-01-22 12:56:25 INFO        | value=278.0, matching_attrs=2, log=['Scaling global_cycle_seconds from 1e-9 to 1e-09', 'Scaling technology from 40nm to 28nm', 'Scaled aladdin_adder.global_cycle_seconds from 1e-09 to 1e-09: 1x area', 'Scaled aladdin_adder.technology from 40.0 to 28.0: 0.5066666666666666x area', 'aladdin_adder area has been scaled 0.5066666666666666x']
2026-01-22 12:56:25 INFO        | Best-matching entry: {'technology': '40nm', 'global_cycle_seconds': '1e-9', 'width|datawidth': '32', 'energy': '0.21', 'area': '2.78E+02', 'action': 'add', 'name': 'aladdin_adder', 'n_instances': 1}
2026-01-22 12:56:25 INFO        | Scaling global_cycle_seconds from 1e-9 to 1e-09
2026-01-22 12:56:25 INFO        | Scaling technology from 40nm to 28nm
2026-01-22 12:56:25 INFO        | Scaled aladdin_adder.global_cycle_seconds from 1e-09 to 1e-09: 1x area
2026-01-22 12:56:25 INFO        | Scaled aladdin_adder.technology from 40.0 to 28.0: 0.5066666666666666x area
2026-01-22 12:56:25 INFO        | aladdin_adder area has been scaled 0.5066666666666666x
2026-01-22 12:56:25 INFO        | Multiplying by n_instances 1
2026-01-22 12:56:25 INFO        flattened architecture is saved to:
2026-01-22 12:56:25 INFO        /home/yangzifeng/3D_PIM_CoDesign/output/iter_2/012_layer3_0_downsample_0/timeloop-mapper.flattened_architecture.yaml
2026-01-22 12:56:25 INFO        energy reference table is saved to:
2026-01-22 12:56:25 INFO        /home/yangzifeng/3D_PIM_CoDesign/output/iter_2/012_layer3_0_downsample_0/timeloop-mapper.ERT.yaml
2026-01-22 12:56:25 INFO        energy reference table summary is saved to:
2026-01-22 12:56:25 INFO        /home/yangzifeng/3D_PIM_CoDesign/output/iter_2/012_layer3_0_downsample_0/timeloop-mapper.ERT_summary.yaml
2026-01-22 12:56:25 WARNING     no runtime energy estimations are generated... not generating energy_estimation.yaml
2026-01-22 12:56:25 INFO        area reference table is saved to:
2026-01-22 12:56:25 INFO        /home/yangzifeng/3D_PIM_CoDesign/output/iter_2/012_layer3_0_downsample_0/timeloop-mapper.ART.yaml
2026-01-22 12:56:25 INFO        area reference table summary is saved to:
2026-01-22 12:56:25 INFO        /home/yangzifeng/3D_PIM_CoDesign/output/iter_2/012_layer3_0_downsample_0/timeloop-mapper.ART_summary.yaml
